{"C:\\Users\\user\\Desktop\\node tutorial\\sequelize\\scotch\\custom_preset.js":{"path":"C:\\Users\\user\\Desktop\\node tutorial\\sequelize\\scotch\\custom_preset.js","statementMap":{"0":{"start":{"line":2,"column":23},"end":{"line":2,"column":50}},"1":{"start":{"line":4,"column":27},"end":{"line":4,"column":69}},"2":{"start":{"line":6,"column":0},"end":{"line":9,"column":2}}},"fnMap":{},"branchMap":{},"s":{"0":1,"1":1,"2":1},"f":{},"b":{},"_coverageSchema":"332fd63041d2c1bcb487cc26dd0d5f7d97098a6c","hash":"6757a171325cd6b2fb3ac4c86e57482c1926d634","contentHash":"e5718b25c2d65d9e375882169ae88540_11.6.0"},"C:\\Users\\user\\Desktop\\node tutorial\\sequelize\\scotch\\app.js":{"path":"C:\\Users\\user\\Desktop\\node tutorial\\sequelize\\scotch\\app.js","statementMap":{"0":{"start":{"line":3,"column":0},"end":{"line":5,"column":3}},"1":{"start":{"line":7,"column":15},"end":{"line":7,"column":33}},"2":{"start":{"line":9,"column":16},"end":{"line":9,"column":48}},"3":{"start":{"line":11,"column":21},"end":{"line":11,"column":46}},"4":{"start":{"line":13,"column":22},"end":{"line":13,"column":60}},"5":{"start":{"line":15,"column":10},"end":{"line":15,"column":23}},"6":{"start":{"line":17,"column":11},"end":{"line":17,"column":38}},"7":{"start":{"line":19,"column":14},"end":{"line":19,"column":40}},"8":{"start":{"line":21,"column":15},"end":{"line":21,"column":46}},"9":{"start":{"line":23,"column":39},"end":{"line":23,"column":93}},"10":{"start":{"line":27,"column":0},"end":{"line":27,"column":39}},"11":{"start":{"line":29,"column":16},"end":{"line":31,"column":2}},"12":{"start":{"line":33,"column":10},"end":{"line":33,"column":26}},"13":{"start":{"line":35,"column":11},"end":{"line":35,"column":27}},"14":{"start":{"line":37,"column":10},"end":{"line":37,"column":34}},"15":{"start":{"line":40,"column":13},"end":{"line":40,"column":39}},"16":{"start":{"line":42,"column":0},"end":{"line":42,"column":39}},"17":{"start":{"line":45,"column":0},"end":{"line":48,"column":4}},"18":{"start":{"line":51,"column":0},"end":{"line":53,"column":3}},"19":{"start":{"line":52,"column":2},"end":{"line":52,"column":34}},"20":{"start":{"line":55,"column":0},"end":{"line":59,"column":3}},"21":{"start":{"line":56,"column":2},"end":{"line":58,"column":5}},"22":{"start":{"line":61,"column":0},"end":{"line":61,"column":22}},"23":{"start":{"line":62,"column":0},"end":{"line":62,"column":36}}},"fnMap":{"0":{"name":"_interopRequireDefault","decl":{"start":{"line":23,"column":9},"end":{"line":23,"column":31}},"loc":{"start":{"line":23,"column":37},"end":{"line":23,"column":95}},"line":23},"1":{"name":"(anonymous_1)","decl":{"start":{"line":51,"column":38},"end":{"line":51,"column":39}},"loc":{"start":{"line":51,"column":55},"end":{"line":53,"column":1}},"line":51},"2":{"name":"(anonymous_2)","decl":{"start":{"line":55,"column":17},"end":{"line":55,"column":18}},"loc":{"start":{"line":55,"column":37},"end":{"line":59,"column":1}},"line":55}},"branchMap":{"0":{"loc":{"start":{"line":23,"column":46},"end":{"line":23,"column":92}},"type":"cond-expr","locations":[{"start":{"line":23,"column":70},"end":{"line":23,"column":73}},{"start":{"line":23,"column":76},"end":{"line":23,"column":92}}],"line":23},"1":{"loc":{"start":{"line":23,"column":46},"end":{"line":23,"column":67}},"type":"binary-expr","locations":[{"start":{"line":23,"column":46},"end":{"line":23,"column":49}},{"start":{"line":23,"column":53},"end":{"line":23,"column":67}}],"line":23}},"s":{"0":1,"1":1,"2":1,"3":1,"4":1,"5":1,"6":1,"7":1,"8":1,"9":4,"10":1,"11":1,"12":1,"13":1,"14":1,"15":1,"16":1,"17":1,"18":1,"19":9,"20":1,"21":0,"22":1,"23":1},"f":{"0":4,"1":9,"2":0},"b":{"0":[0,4],"1":[4,4]},"_coverageSchema":"332fd63041d2c1bcb487cc26dd0d5f7d97098a6c","hash":"dee5a17181f6536c6b2b047ff054ebd13fb22aef","contentHash":"361b49013c6a117b548b402a2d75f98a_11.6.0"},"C:\\Users\\user\\Desktop\\node tutorial\\sequelize\\scotch\\server\\routes\\index.js":{"path":"C:\\Users\\user\\Desktop\\node tutorial\\sequelize\\scotch\\server\\routes\\index.js","statementMap":{"0":{"start":{"line":3,"column":0},"end":{"line":5,"column":3}},"1":{"start":{"line":7,"column":16},"end":{"line":7,"column":42}},"2":{"start":{"line":9,"column":17},"end":{"line":9,"column":50}},"3":{"start":{"line":11,"column":15},"end":{"line":11,"column":40}},"4":{"start":{"line":13,"column":16},"end":{"line":13,"column":48}},"5":{"start":{"line":15,"column":18},"end":{"line":15,"column":48}},"6":{"start":{"line":17,"column":19},"end":{"line":17,"column":54}},"7":{"start":{"line":19,"column":19},"end":{"line":19,"column":50}},"8":{"start":{"line":21,"column":20},"end":{"line":21,"column":56}},"9":{"start":{"line":23,"column":21},"end":{"line":23,"column":54}},"10":{"start":{"line":25,"column":22},"end":{"line":25,"column":60}},"11":{"start":{"line":27,"column":18},"end":{"line":27,"column":48}},"12":{"start":{"line":29,"column":19},"end":{"line":29,"column":54}},"13":{"start":{"line":31,"column":18},"end":{"line":31,"column":48}},"14":{"start":{"line":33,"column":19},"end":{"line":33,"column":54}},"15":{"start":{"line":35,"column":22},"end":{"line":35,"column":56}},"16":{"start":{"line":37,"column":23},"end":{"line":37,"column":62}},"17":{"start":{"line":39,"column":19},"end":{"line":39,"column":50}},"18":{"start":{"line":41,"column":20},"end":{"line":41,"column":56}},"19":{"start":{"line":43,"column":39},"end":{"line":43,"column":93}},"20":{"start":{"line":45,"column":0},"end":{"line":55,"column":2}},"21":{"start":{"line":56,"column":0},"end":{"line":56,"column":36}}},"fnMap":{"0":{"name":"_interopRequireDefault","decl":{"start":{"line":43,"column":9},"end":{"line":43,"column":31}},"loc":{"start":{"line":43,"column":37},"end":{"line":43,"column":95}},"line":43}},"branchMap":{"0":{"loc":{"start":{"line":43,"column":46},"end":{"line":43,"column":92}},"type":"cond-expr","locations":[{"start":{"line":43,"column":70},"end":{"line":43,"column":73}},{"start":{"line":43,"column":76},"end":{"line":43,"column":92}}],"line":43},"1":{"loc":{"start":{"line":43,"column":46},"end":{"line":43,"column":67}},"type":"binary-expr","locations":[{"start":{"line":43,"column":46},"end":{"line":43,"column":49}},{"start":{"line":43,"column":53},"end":{"line":43,"column":67}}],"line":43}},"s":{"0":1,"1":1,"2":1,"3":1,"4":1,"5":1,"6":1,"7":1,"8":1,"9":1,"10":1,"11":1,"12":1,"13":1,"14":1,"15":1,"16":1,"17":1,"18":1,"19":9,"20":1,"21":1},"f":{"0":9},"b":{"0":[0,9],"1":[9,9]},"_coverageSchema":"332fd63041d2c1bcb487cc26dd0d5f7d97098a6c","hash":"f6a92839836fc2535ff1b00579edcf5b6a051e29","contentHash":"698057c770b12e805b5e0f6df000a1d6_11.6.0"},"C:\\Users\\user\\Desktop\\node tutorial\\sequelize\\scotch\\server\\routes\\user\\new_user.js":{"path":"C:\\Users\\user\\Desktop\\node tutorial\\sequelize\\scotch\\server\\routes\\user\\new_user.js","statementMap":{"0":{"start":{"line":3,"column":0},"end":{"line":5,"column":3}},"1":{"start":{"line":7,"column":19},"end":{"line":7,"column":47}},"2":{"start":{"line":10,"column":16},"end":{"line":16,"column":1}},"3":{"start":{"line":11,"column":2},"end":{"line":14,"column":3}},"4":{"start":{"line":12,"column":4},"end":{"line":12,"column":11}},"5":{"start":{"line":13,"column":4},"end":{"line":13,"column":11}},"6":{"start":{"line":15,"column":2},"end":{"line":15,"column":56}},"7":{"start":{"line":18,"column":0},"end":{"line":20,"column":2}},"8":{"start":{"line":19,"column":2},"end":{"line":19,"column":71}},"9":{"start":{"line":22,"column":0},"end":{"line":22,"column":36}}},"fnMap":{"0":{"name":"blockNull","decl":{"start":{"line":10,"column":25},"end":{"line":10,"column":34}},"loc":{"start":{"line":10,"column":51},"end":{"line":16,"column":1}},"line":10},"1":{"name":"(anonymous_1)","decl":{"start":{"line":18,"column":18},"end":{"line":18,"column":19}},"loc":{"start":{"line":18,"column":33},"end":{"line":20,"column":1}},"line":18}},"branchMap":{"0":{"loc":{"start":{"line":11,"column":2},"end":{"line":14,"column":3}},"type":"if","locations":[{"start":{"line":11,"column":2},"end":{"line":14,"column":3}},{"start":{"line":11,"column":2},"end":{"line":14,"column":3}}],"line":11},"1":{"loc":{"start":{"line":11,"column":6},"end":{"line":11,"column":62}},"type":"binary-expr","locations":[{"start":{"line":11,"column":6},"end":{"line":11,"column":23}},{"start":{"line":11,"column":27},"end":{"line":11,"column":41}},{"start":{"line":11,"column":45},"end":{"line":11,"column":62}}],"line":11}},"s":{"0":1,"1":1,"2":1,"3":13,"4":12,"5":12,"6":1,"7":1,"8":1,"9":1},"f":{"0":13,"1":1},"b":{"0":[12,1],"1":[13,13,12]},"_coverageSchema":"332fd63041d2c1bcb487cc26dd0d5f7d97098a6c","hash":"8bcd20e61d2fb4a4fb9d9d6499b3ba70db6b1227","contentHash":"5b17f2faea62a68e86d3959323062233_11.6.0"},"C:\\Users\\user\\Desktop\\node tutorial\\sequelize\\scotch\\server\\controllers\\index.js":{"path":"C:\\Users\\user\\Desktop\\node tutorial\\sequelize\\scotch\\server\\controllers\\index.js","statementMap":{"0":{"start":{"line":3,"column":0},"end":{"line":5,"column":3}},"1":{"start":{"line":7,"column":15},"end":{"line":7,"column":35}},"2":{"start":{"line":9,"column":16},"end":{"line":9,"column":48}},"3":{"start":{"line":11,"column":14},"end":{"line":11,"column":33}},"4":{"start":{"line":13,"column":15},"end":{"line":13,"column":46}},"5":{"start":{"line":15,"column":17},"end":{"line":15,"column":39}},"6":{"start":{"line":17,"column":18},"end":{"line":17,"column":52}},"7":{"start":{"line":19,"column":18},"end":{"line":19,"column":41}},"8":{"start":{"line":21,"column":19},"end":{"line":21,"column":54}},"9":{"start":{"line":23,"column":20},"end":{"line":23,"column":45}},"10":{"start":{"line":25,"column":21},"end":{"line":25,"column":58}},"11":{"start":{"line":27,"column":17},"end":{"line":27,"column":39}},"12":{"start":{"line":29,"column":18},"end":{"line":29,"column":52}},"13":{"start":{"line":31,"column":17},"end":{"line":31,"column":39}},"14":{"start":{"line":33,"column":18},"end":{"line":33,"column":52}},"15":{"start":{"line":35,"column":20},"end":{"line":35,"column":45}},"16":{"start":{"line":37,"column":21},"end":{"line":37,"column":58}},"17":{"start":{"line":39,"column":18},"end":{"line":39,"column":41}},"18":{"start":{"line":41,"column":19},"end":{"line":41,"column":54}},"19":{"start":{"line":43,"column":39},"end":{"line":43,"column":93}},"20":{"start":{"line":45,"column":0},"end":{"line":55,"column":2}},"21":{"start":{"line":56,"column":0},"end":{"line":56,"column":36}}},"fnMap":{"0":{"name":"_interopRequireDefault","decl":{"start":{"line":43,"column":9},"end":{"line":43,"column":31}},"loc":{"start":{"line":43,"column":37},"end":{"line":43,"column":95}},"line":43}},"branchMap":{"0":{"loc":{"start":{"line":43,"column":46},"end":{"line":43,"column":92}},"type":"cond-expr","locations":[{"start":{"line":43,"column":70},"end":{"line":43,"column":73}},{"start":{"line":43,"column":76},"end":{"line":43,"column":92}}],"line":43},"1":{"loc":{"start":{"line":43,"column":46},"end":{"line":43,"column":67}},"type":"binary-expr","locations":[{"start":{"line":43,"column":46},"end":{"line":43,"column":49}},{"start":{"line":43,"column":53},"end":{"line":43,"column":67}}],"line":43}},"s":{"0":1,"1":1,"2":1,"3":1,"4":1,"5":1,"6":1,"7":1,"8":1,"9":1,"10":1,"11":1,"12":1,"13":1,"14":1,"15":1,"16":1,"17":1,"18":1,"19":9,"20":1,"21":1},"f":{"0":9},"b":{"0":[0,9],"1":[9,9]},"_coverageSchema":"332fd63041d2c1bcb487cc26dd0d5f7d97098a6c","hash":"d945e634b03c856861cc5f8d02277bd4dbc13188","contentHash":"81878bf8e1a6156f11915ad909034515_11.6.0"},"C:\\Users\\user\\Desktop\\node tutorial\\sequelize\\scotch\\server\\controllers\\newUser.js":{"path":"C:\\Users\\user\\Desktop\\node tutorial\\sequelize\\scotch\\server\\controllers\\newUser.js","statementMap":{"0":{"start":{"line":3,"column":0},"end":{"line":5,"column":3}},"1":{"start":{"line":7,"column":21},"end":{"line":7,"column":663}},"2":{"start":{"line":7,"column":79},"end":{"line":7,"column":81}},"3":{"start":{"line":7,"column":92},"end":{"line":7,"column":96}},"4":{"start":{"line":7,"column":107},"end":{"line":7,"column":112}},"5":{"start":{"line":7,"column":123},"end":{"line":7,"column":132}},"6":{"start":{"line":7,"column":134},"end":{"line":7,"column":413}},"7":{"start":{"line":7,"column":140},"end":{"line":7,"column":283}},"8":{"start":{"line":7,"column":226},"end":{"line":7,"column":246}},"9":{"start":{"line":7,"column":247},"end":{"line":7,"column":281}},"10":{"start":{"line":7,"column":275},"end":{"line":7,"column":281}},"11":{"start":{"line":7,"column":300},"end":{"line":7,"column":310}},"12":{"start":{"line":7,"column":311},"end":{"line":7,"column":320}},"13":{"start":{"line":7,"column":333},"end":{"line":7,"column":411}},"14":{"start":{"line":7,"column":339},"end":{"line":7,"column":379}},"15":{"start":{"line":7,"column":364},"end":{"line":7,"column":379}},"16":{"start":{"line":7,"column":392},"end":{"line":7,"column":409}},"17":{"start":{"line":7,"column":400},"end":{"line":7,"column":409}},"18":{"start":{"line":7,"column":414},"end":{"line":7,"column":426}},"19":{"start":{"line":7,"column":429},"end":{"line":7,"column":659}},"20":{"start":{"line":7,"column":456},"end":{"line":7,"column":656}},"21":{"start":{"line":7,"column":482},"end":{"line":7,"column":493}},"22":{"start":{"line":7,"column":501},"end":{"line":7,"column":656}},"23":{"start":{"line":7,"column":539},"end":{"line":7,"column":568}},"24":{"start":{"line":7,"column":578},"end":{"line":7,"column":654}},"25":{"start":{"line":9,"column":14},"end":{"line":9,"column":34}},"26":{"start":{"line":11,"column":44},"end":{"line":11,"column":195}},"27":{"start":{"line":11,"column":62},"end":{"line":11,"column":166}},"28":{"start":{"line":11,"column":176},"end":{"line":11,"column":193}},"29":{"start":{"line":11,"column":196},"end":{"line":11,"column":207}},"30":{"start":{"line":13,"column":9},"end":{"line":13,"column":29}},"31":{"start":{"line":16,"column":0},"end":{"line":59,"column":2}},"32":{"start":{"line":17,"column":2},"end":{"line":58,"column":5}},"33":{"start":{"line":29,"column":16},"end":{"line":29,"column":39}},"34":{"start":{"line":30,"column":15},"end":{"line":30,"column":23}},"35":{"start":{"line":31,"column":18},"end":{"line":31,"column":26}},"36":{"start":{"line":33,"column":4},"end":{"line":41,"column":5}},"37":{"start":{"line":35,"column":6},"end":{"line":35,"column":44}},"38":{"start":{"line":36,"column":6},"end":{"line":39,"column":9}},"39":{"start":{"line":40,"column":6},"end":{"line":40,"column":20}},"40":{"start":{"line":42,"column":4},"end":{"line":47,"column":7}},"41":{"start":{"line":49,"column":4},"end":{"line":57,"column":5}},"42":{"start":{"line":51,"column":8},"end":{"line":51,"column":14}},"43":{"start":{"line":53,"column":8},"end":{"line":53,"column":57}},"44":{"start":{"line":54,"column":8},"end":{"line":54,"column":14}},"45":{"start":{"line":56,"column":8},"end":{"line":56,"column":60}},"46":{"start":{"line":61,"column":0},"end":{"line":61,"column":36}}},"fnMap":{"0":{"name":"(anonymous_0)","decl":{"start":{"line":7,"column":21},"end":{"line":7,"column":22}},"loc":{"start":{"line":7,"column":33},"end":{"line":7,"column":661}},"line":7},"1":{"name":"sliceIterator","decl":{"start":{"line":7,"column":44},"end":{"line":7,"column":57}},"loc":{"start":{"line":7,"column":66},"end":{"line":7,"column":428}},"line":7},"2":{"name":"(anonymous_2)","decl":{"start":{"line":7,"column":436},"end":{"line":7,"column":437}},"loc":{"start":{"line":7,"column":454},"end":{"line":7,"column":658}},"line":7},"3":{"name":"_defineProperty","decl":{"start":{"line":11,"column":9},"end":{"line":11,"column":24}},"loc":{"start":{"line":11,"column":42},"end":{"line":11,"column":209}},"line":11},"4":{"name":"(anonymous_4)","decl":{"start":{"line":16,"column":18},"end":{"line":16,"column":19}},"loc":{"start":{"line":16,"column":38},"end":{"line":59,"column":1}},"line":16},"5":{"name":"(anonymous_5)","decl":{"start":{"line":28,"column":10},"end":{"line":28,"column":11}},"loc":{"start":{"line":28,"column":26},"end":{"line":48,"column":3}},"line":28},"6":{"name":"(anonymous_6)","decl":{"start":{"line":48,"column":10},"end":{"line":48,"column":11}},"loc":{"start":{"line":48,"column":28},"end":{"line":58,"column":3}},"line":48}},"branchMap":{"0":{"loc":{"start":{"line":7,"column":247},"end":{"line":7,"column":281}},"type":"if","locations":[{"start":{"line":7,"column":247},"end":{"line":7,"column":281}},{"start":{"line":7,"column":247},"end":{"line":7,"column":281}}],"line":7},"1":{"loc":{"start":{"line":7,"column":251},"end":{"line":7,"column":273}},"type":"binary-expr","locations":[{"start":{"line":7,"column":251},"end":{"line":7,"column":252}},{"start":{"line":7,"column":256},"end":{"line":7,"column":273}}],"line":7},"2":{"loc":{"start":{"line":7,"column":339},"end":{"line":7,"column":379}},"type":"if","locations":[{"start":{"line":7,"column":339},"end":{"line":7,"column":379}},{"start":{"line":7,"column":339},"end":{"line":7,"column":379}}],"line":7},"3":{"loc":{"start":{"line":7,"column":343},"end":{"line":7,"column":362}},"type":"binary-expr","locations":[{"start":{"line":7,"column":343},"end":{"line":7,"column":346}},{"start":{"line":7,"column":350},"end":{"line":7,"column":362}}],"line":7},"4":{"loc":{"start":{"line":7,"column":392},"end":{"line":7,"column":409}},"type":"if","locations":[{"start":{"line":7,"column":392},"end":{"line":7,"column":409}},{"start":{"line":7,"column":392},"end":{"line":7,"column":409}}],"line":7},"5":{"loc":{"start":{"line":7,"column":456},"end":{"line":7,"column":656}},"type":"if","locations":[{"start":{"line":7,"column":456},"end":{"line":7,"column":656}},{"start":{"line":7,"column":456},"end":{"line":7,"column":656}}],"line":7},"6":{"loc":{"start":{"line":7,"column":501},"end":{"line":7,"column":656}},"type":"if","locations":[{"start":{"line":7,"column":501},"end":{"line":7,"column":656}},{"start":{"line":7,"column":501},"end":{"line":7,"column":656}}],"line":7},"7":{"loc":{"start":{"line":11,"column":44},"end":{"line":11,"column":195}},"type":"if","locations":[{"start":{"line":11,"column":44},"end":{"line":11,"column":195}},{"start":{"line":11,"column":44},"end":{"line":11,"column":195}}],"line":11},"8":{"loc":{"start":{"line":33,"column":4},"end":{"line":41,"column":5}},"type":"if","locations":[{"start":{"line":33,"column":4},"end":{"line":41,"column":5}},{"start":{"line":33,"column":4},"end":{"line":41,"column":5}}],"line":33},"9":{"loc":{"start":{"line":49,"column":4},"end":{"line":57,"column":5}},"type":"switch","locations":[{"start":{"line":50,"column":6},"end":{"line":51,"column":14}},{"start":{"line":52,"column":6},"end":{"line":54,"column":14}},{"start":{"line":55,"column":6},"end":{"line":56,"column":60}}],"line":49}},"s":{"0":1,"1":1,"2":0,"3":0,"4":0,"5":0,"6":0,"7":0,"8":0,"9":0,"10":0,"11":0,"12":0,"13":0,"14":0,"15":0,"16":0,"17":0,"18":0,"19":1,"20":12,"21":12,"22":0,"23":0,"24":0,"25":1,"26":12,"27":0,"28":12,"29":12,"30":1,"31":1,"32":12,"33":12,"34":12,"35":12,"36":12,"37":12,"38":12,"39":12,"40":0,"41":12,"42":12,"43":0,"44":0,"45":0,"46":1},"f":{"0":1,"1":0,"2":12,"3":12,"4":12,"5":12,"6":12},"b":{"0":[0,0],"1":[0,0],"2":[0,0],"3":[0,0],"4":[0,0],"5":[12,0],"6":[0,0],"7":[0,12],"8":[12,0],"9":[12,0,0]},"_coverageSchema":"332fd63041d2c1bcb487cc26dd0d5f7d97098a6c","hash":"089b069182ec077d0a7f87c8e0d56e7d9e19b714","contentHash":"2cc080774fa0877d187fa6e5c0d5ea99_11.6.0"},"C:\\Users\\user\\Desktop\\node tutorial\\sequelize\\scotch\\server\\models\\index.js":{"path":"C:\\Users\\user\\Desktop\\node tutorial\\sequelize\\scotch\\server\\models\\index.js","statementMap":{"0":{"start":{"line":3,"column":0},"end":{"line":5,"column":3}},"1":{"start":{"line":7,"column":10},"end":{"line":7,"column":23}},"2":{"start":{"line":9,"column":11},"end":{"line":9,"column":38}},"3":{"start":{"line":11,"column":12},"end":{"line":11,"column":27}},"4":{"start":{"line":13,"column":13},"end":{"line":13,"column":42}},"5":{"start":{"line":15,"column":17},"end":{"line":15,"column":37}},"6":{"start":{"line":17,"column":18},"end":{"line":17,"column":52}},"7":{"start":{"line":19,"column":13},"end":{"line":19,"column":29}},"8":{"start":{"line":21,"column":14},"end":{"line":21,"column":44}},"9":{"start":{"line":23,"column":18},"end":{"line":23,"column":42}},"10":{"start":{"line":25,"column":19},"end":{"line":25,"column":54}},"11":{"start":{"line":27,"column":39},"end":{"line":27,"column":93}},"12":{"start":{"line":29,"column":15},"end":{"line":29,"column":50}},"13":{"start":{"line":30,"column":10},"end":{"line":30,"column":47}},"14":{"start":{"line":31,"column":13},"end":{"line":31,"column":38}},"15":{"start":{"line":32,"column":9},"end":{"line":32,"column":11}},"16":{"start":{"line":34,"column":0},"end":{"line":34,"column":53}},"17":{"start":{"line":36,"column":16},"end":{"line":36,"column":283}},"18":{"start":{"line":38,"column":0},"end":{"line":43,"column":3}},"19":{"start":{"line":39,"column":2},"end":{"line":39,"column":82}},"20":{"start":{"line":41,"column":14},"end":{"line":41,"column":68}},"21":{"start":{"line":42,"column":2},"end":{"line":42,"column":25}},"22":{"start":{"line":45,"column":0},"end":{"line":49,"column":3}},"23":{"start":{"line":46,"column":2},"end":{"line":48,"column":3}},"24":{"start":{"line":47,"column":4},"end":{"line":47,"column":32}},"25":{"start":{"line":51,"column":0},"end":{"line":51,"column":25}},"26":{"start":{"line":52,"column":0},"end":{"line":52,"column":35}},"27":{"start":{"line":55,"column":12},"end":{"line":66,"column":2}},"28":{"start":{"line":68,"column":0},"end":{"line":68,"column":17}},"29":{"start":{"line":70,"column":0},"end":{"line":70,"column":21}},"30":{"start":{"line":71,"column":0},"end":{"line":71,"column":36}}},"fnMap":{"0":{"name":"_interopRequireDefault","decl":{"start":{"line":27,"column":9},"end":{"line":27,"column":31}},"loc":{"start":{"line":27,"column":37},"end":{"line":27,"column":95}},"line":27},"1":{"name":"(anonymous_1)","decl":{"start":{"line":38,"column":43},"end":{"line":38,"column":44}},"loc":{"start":{"line":38,"column":59},"end":{"line":40,"column":1}},"line":38},"2":{"name":"(anonymous_2)","decl":{"start":{"line":40,"column":11},"end":{"line":40,"column":12}},"loc":{"start":{"line":40,"column":27},"end":{"line":43,"column":1}},"line":40},"3":{"name":"(anonymous_3)","decl":{"start":{"line":45,"column":24},"end":{"line":45,"column":25}},"loc":{"start":{"line":45,"column":45},"end":{"line":49,"column":1}},"line":45}},"branchMap":{"0":{"loc":{"start":{"line":27,"column":46},"end":{"line":27,"column":92}},"type":"cond-expr","locations":[{"start":{"line":27,"column":70},"end":{"line":27,"column":73}},{"start":{"line":27,"column":76},"end":{"line":27,"column":92}}],"line":27},"1":{"loc":{"start":{"line":27,"column":46},"end":{"line":27,"column":67}},"type":"binary-expr","locations":[{"start":{"line":27,"column":46},"end":{"line":27,"column":49}},{"start":{"line":27,"column":53},"end":{"line":27,"column":67}}],"line":27},"2":{"loc":{"start":{"line":30,"column":10},"end":{"line":30,"column":47}},"type":"binary-expr","locations":[{"start":{"line":30,"column":10},"end":{"line":30,"column":30}},{"start":{"line":30,"column":34},"end":{"line":30,"column":47}}],"line":30},"3":{"loc":{"start":{"line":36,"column":16},"end":{"line":36,"column":283}},"type":"cond-expr","locations":[{"start":{"line":36,"column":42},"end":{"line":36,"column":125}},{"start":{"line":36,"column":128},"end":{"line":36,"column":283}}],"line":36},"4":{"loc":{"start":{"line":36,"column":104},"end":{"line":36,"column":124}},"type":"binary-expr","locations":[{"start":{"line":36,"column":104},"end":{"line":36,"column":118}},{"start":{"line":36,"column":122},"end":{"line":36,"column":124}}],"line":36},"5":{"loc":{"start":{"line":36,"column":262},"end":{"line":36,"column":282}},"type":"binary-expr","locations":[{"start":{"line":36,"column":262},"end":{"line":36,"column":276}},{"start":{"line":36,"column":280},"end":{"line":36,"column":282}}],"line":36},"6":{"loc":{"start":{"line":39,"column":9},"end":{"line":39,"column":81}},"type":"binary-expr","locations":[{"start":{"line":39,"column":9},"end":{"line":39,"column":32}},{"start":{"line":39,"column":36},"end":{"line":39,"column":53}},{"start":{"line":39,"column":57},"end":{"line":39,"column":81}}],"line":39},"7":{"loc":{"start":{"line":46,"column":2},"end":{"line":48,"column":3}},"type":"if","locations":[{"start":{"line":46,"column":2},"end":{"line":48,"column":3}},{"start":{"line":46,"column":2},"end":{"line":48,"column":3}}],"line":46}},"s":{"0":1,"1":1,"2":1,"3":1,"4":1,"5":1,"6":1,"7":1,"8":1,"9":1,"10":1,"11":5,"12":1,"13":1,"14":1,"15":1,"16":1,"17":1,"18":1,"19":6,"20":5,"21":5,"22":1,"23":5,"24":4,"25":1,"26":1,"27":1,"28":1,"29":1,"30":1},"f":{"0":5,"1":6,"2":5,"3":5},"b":{"0":[0,5],"1":[5,5],"2":[1,0],"3":[1,0],"4":[1,0],"5":[0,0],"6":[6,6,5],"7":[4,1]},"_coverageSchema":"332fd63041d2c1bcb487cc26dd0d5f7d97098a6c","hash":"18683efb5256e050ff5a375e9ef42591097a2024","contentHash":"46d373a93cb4eba1840f366bbb14bdd3_11.6.0"},"C:\\Users\\user\\Desktop\\node tutorial\\sequelize\\scotch\\server\\babel_hook.js":{"path":"C:\\Users\\user\\Desktop\\node tutorial\\sequelize\\scotch\\server\\babel_hook.js","statementMap":{"0":{"start":{"line":3,"column":0},"end":{"line":3,"column":26}},"1":{"start":{"line":5,"column":0},"end":{"line":5,"column":37}}},"fnMap":{},"branchMap":{},"s":{"0":1,"1":1},"f":{},"b":{},"_coverageSchema":"332fd63041d2c1bcb487cc26dd0d5f7d97098a6c","hash":"d62b7964cfe96b36907dabbc30e26120a3acb5f6","contentHash":"dcbfb310ef70a9707962db86d6911e82_11.6.0"},"C:\\Users\\user\\Desktop\\node tutorial\\sequelize\\scotch\\server\\models\\ingredient.js":{"path":"C:\\Users\\user\\Desktop\\node tutorial\\sequelize\\scotch\\server\\models\\ingredient.js","statementMap":{"0":{"start":{"line":3,"column":0},"end":{"line":5,"column":3}},"1":{"start":{"line":7,"column":0},"end":{"line":23,"column":2}},"2":{"start":{"line":8,"column":19},"end":{"line":14,"column":4}},"3":{"start":{"line":16,"column":2},"end":{"line":20,"column":4}},"4":{"start":{"line":17,"column":4},"end":{"line":19,"column":7}},"5":{"start":{"line":22,"column":2},"end":{"line":22,"column":20}},"6":{"start":{"line":25,"column":0},"end":{"line":25,"column":36}}},"fnMap":{"0":{"name":"(anonymous_0)","decl":{"start":{"line":7,"column":18},"end":{"line":7,"column":19}},"loc":{"start":{"line":7,"column":50},"end":{"line":23,"column":1}},"line":7},"1":{"name":"(anonymous_1)","decl":{"start":{"line":16,"column":25},"end":{"line":16,"column":26}},"loc":{"start":{"line":16,"column":43},"end":{"line":20,"column":3}},"line":16}},"branchMap":{},"s":{"0":1,"1":1,"2":1,"3":1,"4":1,"5":1,"6":1},"f":{"0":1,"1":1},"b":{},"_coverageSchema":"332fd63041d2c1bcb487cc26dd0d5f7d97098a6c","hash":"9e4e881cc3d6de0ea2dc5cafea204bd50be443ef","contentHash":"0fe36b068e577c1f4307118d2ceb2325_11.6.0"},"C:\\Users\\user\\Desktop\\node tutorial\\sequelize\\scotch\\server\\models\\quantity.js":{"path":"C:\\Users\\user\\Desktop\\node tutorial\\sequelize\\scotch\\server\\models\\quantity.js","statementMap":{"0":{"start":{"line":3,"column":0},"end":{"line":5,"column":3}},"1":{"start":{"line":7,"column":0},"end":{"line":16,"column":2}},"2":{"start":{"line":8,"column":17},"end":{"line":13,"column":4}},"3":{"start":{"line":15,"column":2},"end":{"line":15,"column":18}},"4":{"start":{"line":18,"column":0},"end":{"line":18,"column":36}}},"fnMap":{"0":{"name":"(anonymous_0)","decl":{"start":{"line":7,"column":18},"end":{"line":7,"column":19}},"loc":{"start":{"line":7,"column":50},"end":{"line":16,"column":1}},"line":7}},"branchMap":{},"s":{"0":1,"1":1,"2":1,"3":1,"4":1},"f":{"0":1},"b":{},"_coverageSchema":"332fd63041d2c1bcb487cc26dd0d5f7d97098a6c","hash":"c2cab563acc64955f836fd344efa814fb04e762c","contentHash":"4728618335968bcdc451054eabed9926_11.6.0"},"C:\\Users\\user\\Desktop\\node tutorial\\sequelize\\scotch\\server\\models\\recipe.js":{"path":"C:\\Users\\user\\Desktop\\node tutorial\\sequelize\\scotch\\server\\models\\recipe.js","statementMap":{"0":{"start":{"line":3,"column":0},"end":{"line":5,"column":3}},"1":{"start":{"line":7,"column":0},"end":{"line":52,"column":2}},"2":{"start":{"line":8,"column":15},"end":{"line":38,"column":4}},"3":{"start":{"line":40,"column":2},"end":{"line":49,"column":4}},"4":{"start":{"line":42,"column":4},"end":{"line":42,"column":34}},"5":{"start":{"line":44,"column":4},"end":{"line":44,"column":34}},"6":{"start":{"line":46,"column":4},"end":{"line":48,"column":7}},"7":{"start":{"line":51,"column":2},"end":{"line":51,"column":16}},"8":{"start":{"line":54,"column":0},"end":{"line":54,"column":36}}},"fnMap":{"0":{"name":"(anonymous_0)","decl":{"start":{"line":7,"column":18},"end":{"line":7,"column":19}},"loc":{"start":{"line":7,"column":50},"end":{"line":52,"column":1}},"line":7},"1":{"name":"(anonymous_1)","decl":{"start":{"line":40,"column":21},"end":{"line":40,"column":22}},"loc":{"start":{"line":40,"column":39},"end":{"line":49,"column":3}},"line":40}},"branchMap":{},"s":{"0":1,"1":1,"2":1,"3":1,"4":1,"5":1,"6":1,"7":1,"8":1},"f":{"0":1,"1":1},"b":{},"_coverageSchema":"332fd63041d2c1bcb487cc26dd0d5f7d97098a6c","hash":"e68006cafe29ae907c7d764d82465cec7ba58681","contentHash":"c23373749987a005399d1759ab3e3da3_11.6.0"},"C:\\Users\\user\\Desktop\\node tutorial\\sequelize\\scotch\\server\\models\\review.js":{"path":"C:\\Users\\user\\Desktop\\node tutorial\\sequelize\\scotch\\server\\models\\review.js","statementMap":{"0":{"start":{"line":3,"column":0},"end":{"line":5,"column":3}},"1":{"start":{"line":7,"column":0},"end":{"line":44,"column":2}},"2":{"start":{"line":8,"column":15},"end":{"line":34,"column":4}},"3":{"start":{"line":36,"column":2},"end":{"line":41,"column":4}},"4":{"start":{"line":38,"column":4},"end":{"line":38,"column":34}},"5":{"start":{"line":40,"column":4},"end":{"line":40,"column":36}},"6":{"start":{"line":43,"column":2},"end":{"line":43,"column":16}},"7":{"start":{"line":46,"column":0},"end":{"line":46,"column":36}}},"fnMap":{"0":{"name":"(anonymous_0)","decl":{"start":{"line":7,"column":18},"end":{"line":7,"column":19}},"loc":{"start":{"line":7,"column":50},"end":{"line":44,"column":1}},"line":7},"1":{"name":"(anonymous_1)","decl":{"start":{"line":36,"column":21},"end":{"line":36,"column":22}},"loc":{"start":{"line":36,"column":39},"end":{"line":41,"column":3}},"line":36}},"branchMap":{},"s":{"0":1,"1":1,"2":1,"3":1,"4":1,"5":1,"6":1,"7":1},"f":{"0":1,"1":1},"b":{},"_coverageSchema":"332fd63041d2c1bcb487cc26dd0d5f7d97098a6c","hash":"338670e494c5dfe83cfebc24736a6fa19cc78cf8","contentHash":"222555d1cbd510deb928f0453909f2f3_11.6.0"},"C:\\Users\\user\\Desktop\\node tutorial\\sequelize\\scotch\\server\\models\\user.js":{"path":"C:\\Users\\user\\Desktop\\node tutorial\\sequelize\\scotch\\server\\models\\user.js","statementMap":{"0":{"start":{"line":3,"column":0},"end":{"line":5,"column":3}},"1":{"start":{"line":7,"column":0},"end":{"line":41,"column":2}},"2":{"start":{"line":8,"column":13},"end":{"line":27,"column":4}},"3":{"start":{"line":29,"column":2},"end":{"line":38,"column":4}},"4":{"start":{"line":31,"column":4},"end":{"line":35,"column":7}},"5":{"start":{"line":37,"column":4},"end":{"line":37,"column":32}},"6":{"start":{"line":40,"column":2},"end":{"line":40,"column":14}},"7":{"start":{"line":43,"column":0},"end":{"line":43,"column":36}}},"fnMap":{"0":{"name":"(anonymous_0)","decl":{"start":{"line":7,"column":18},"end":{"line":7,"column":19}},"loc":{"start":{"line":7,"column":50},"end":{"line":41,"column":1}},"line":7},"1":{"name":"(anonymous_1)","decl":{"start":{"line":29,"column":19},"end":{"line":29,"column":20}},"loc":{"start":{"line":29,"column":37},"end":{"line":38,"column":3}},"line":29}},"branchMap":{},"s":{"0":1,"1":1,"2":1,"3":1,"4":1,"5":1,"6":1,"7":1},"f":{"0":1,"1":1},"b":{},"_coverageSchema":"332fd63041d2c1bcb487cc26dd0d5f7d97098a6c","hash":"9c054b51b287d0b88da93ee408b387d4b8239882","contentHash":"5830d0c993116a2e0e199a38d244158f_11.6.0"},"C:\\Users\\user\\Desktop\\node tutorial\\sequelize\\scotch\\server\\controllers\\signin.js":{"path":"C:\\Users\\user\\Desktop\\node tutorial\\sequelize\\scotch\\server\\controllers\\signin.js","statementMap":{"0":{"start":{"line":3,"column":0},"end":{"line":5,"column":3}},"1":{"start":{"line":7,"column":14},"end":{"line":7,"column":34}},"2":{"start":{"line":9,"column":44},"end":{"line":9,"column":195}},"3":{"start":{"line":9,"column":62},"end":{"line":9,"column":166}},"4":{"start":{"line":9,"column":176},"end":{"line":9,"column":193}},"5":{"start":{"line":9,"column":196},"end":{"line":9,"column":207}},"6":{"start":{"line":11,"column":9},"end":{"line":11,"column":29}},"7":{"start":{"line":15,"column":0},"end":{"line":40,"column":2}},"8":{"start":{"line":18,"column":2},"end":{"line":39,"column":5}},"9":{"start":{"line":28,"column":4},"end":{"line":37,"column":5}},"10":{"start":{"line":30,"column":6},"end":{"line":30,"column":49}},"11":{"start":{"line":31,"column":6},"end":{"line":34,"column":9}},"12":{"start":{"line":36,"column":6},"end":{"line":36,"column":13}},"13":{"start":{"line":38,"column":4},"end":{"line":38,"column":64}},"14":{"start":{"line":42,"column":0},"end":{"line":42,"column":36}}},"fnMap":{"0":{"name":"_defineProperty","decl":{"start":{"line":9,"column":9},"end":{"line":9,"column":24}},"loc":{"start":{"line":9,"column":42},"end":{"line":9,"column":209}},"line":9},"1":{"name":"(anonymous_1)","decl":{"start":{"line":15,"column":18},"end":{"line":15,"column":19}},"loc":{"start":{"line":15,"column":38},"end":{"line":40,"column":1}},"line":15},"2":{"name":"(anonymous_2)","decl":{"start":{"line":27,"column":10},"end":{"line":27,"column":11}},"loc":{"start":{"line":27,"column":26},"end":{"line":39,"column":3}},"line":27}},"branchMap":{"0":{"loc":{"start":{"line":9,"column":44},"end":{"line":9,"column":195}},"type":"if","locations":[{"start":{"line":9,"column":44},"end":{"line":9,"column":195}},{"start":{"line":9,"column":44},"end":{"line":9,"column":195}}],"line":9},"1":{"loc":{"start":{"line":28,"column":4},"end":{"line":37,"column":5}},"type":"if","locations":[{"start":{"line":28,"column":4},"end":{"line":37,"column":5}},{"start":{"line":28,"column":4},"end":{"line":37,"column":5}}],"line":28}},"s":{"0":1,"1":1,"2":4,"3":0,"4":4,"5":4,"6":1,"7":1,"8":2,"9":2,"10":1,"11":1,"12":1,"13":1,"14":1},"f":{"0":4,"1":2,"2":2},"b":{"0":[0,4],"1":[1,1]},"_coverageSchema":"332fd63041d2c1bcb487cc26dd0d5f7d97098a6c","hash":"b393b8dc0c112952f885bd1f15560c7a1af87ce6","contentHash":"8a300d86a837eb87e5f684445e7bb757_11.6.0"},"C:\\Users\\user\\Desktop\\node tutorial\\sequelize\\scotch\\server\\controllers\\newRecipe.js":{"path":"C:\\Users\\user\\Desktop\\node tutorial\\sequelize\\scotch\\server\\controllers\\newRecipe.js","statementMap":{"0":{"start":{"line":3,"column":0},"end":{"line":5,"column":3}},"1":{"start":{"line":7,"column":21},"end":{"line":7,"column":663}},"2":{"start":{"line":7,"column":79},"end":{"line":7,"column":81}},"3":{"start":{"line":7,"column":92},"end":{"line":7,"column":96}},"4":{"start":{"line":7,"column":107},"end":{"line":7,"column":112}},"5":{"start":{"line":7,"column":123},"end":{"line":7,"column":132}},"6":{"start":{"line":7,"column":134},"end":{"line":7,"column":413}},"7":{"start":{"line":7,"column":140},"end":{"line":7,"column":283}},"8":{"start":{"line":7,"column":226},"end":{"line":7,"column":246}},"9":{"start":{"line":7,"column":247},"end":{"line":7,"column":281}},"10":{"start":{"line":7,"column":275},"end":{"line":7,"column":281}},"11":{"start":{"line":7,"column":300},"end":{"line":7,"column":310}},"12":{"start":{"line":7,"column":311},"end":{"line":7,"column":320}},"13":{"start":{"line":7,"column":333},"end":{"line":7,"column":411}},"14":{"start":{"line":7,"column":339},"end":{"line":7,"column":379}},"15":{"start":{"line":7,"column":364},"end":{"line":7,"column":379}},"16":{"start":{"line":7,"column":392},"end":{"line":7,"column":409}},"17":{"start":{"line":7,"column":400},"end":{"line":7,"column":409}},"18":{"start":{"line":7,"column":414},"end":{"line":7,"column":426}},"19":{"start":{"line":7,"column":429},"end":{"line":7,"column":659}},"20":{"start":{"line":7,"column":456},"end":{"line":7,"column":656}},"21":{"start":{"line":7,"column":482},"end":{"line":7,"column":493}},"22":{"start":{"line":7,"column":501},"end":{"line":7,"column":656}},"23":{"start":{"line":7,"column":539},"end":{"line":7,"column":568}},"24":{"start":{"line":7,"column":578},"end":{"line":7,"column":654}},"25":{"start":{"line":9,"column":14},"end":{"line":9,"column":34}},"26":{"start":{"line":11,"column":14},"end":{"line":11,"column":33}},"27":{"start":{"line":13,"column":15},"end":{"line":13,"column":46}},"28":{"start":{"line":15,"column":39},"end":{"line":15,"column":93}},"29":{"start":{"line":17,"column":44},"end":{"line":17,"column":195}},"30":{"start":{"line":17,"column":62},"end":{"line":17,"column":166}},"31":{"start":{"line":17,"column":176},"end":{"line":17,"column":193}},"32":{"start":{"line":17,"column":196},"end":{"line":17,"column":207}},"33":{"start":{"line":19,"column":0},"end":{"line":79,"column":2}},"34":{"start":{"line":20,"column":2},"end":{"line":74,"column":3}},"35":{"start":{"line":22,"column":17},"end":{"line":22,"column":33}},"36":{"start":{"line":24,"column":4},"end":{"line":73,"column":7}},"37":{"start":{"line":25,"column":6},"end":{"line":59,"column":9}},"38":{"start":{"line":26,"column":8},"end":{"line":32,"column":9}},"39":{"start":{"line":27,"column":10},"end":{"line":29,"column":13}},"40":{"start":{"line":31,"column":10},"end":{"line":31,"column":54}},"41":{"start":{"line":33,"column":8},"end":{"line":33,"column":20}},"42":{"start":{"line":35,"column":8},"end":{"line":43,"column":19}},"43":{"start":{"line":45,"column":20},"end":{"line":45,"column":43}},"44":{"start":{"line":46,"column":21},"end":{"line":46,"column":29}},"45":{"start":{"line":47,"column":19},"end":{"line":47,"column":27}},"46":{"start":{"line":49,"column":8},"end":{"line":58,"column":10}},"47":{"start":{"line":54,"column":12},"end":{"line":54,"column":74}},"48":{"start":{"line":56,"column":12},"end":{"line":56,"column":26}},"49":{"start":{"line":61,"column":6},"end":{"line":65,"column":9}},"50":{"start":{"line":67,"column":6},"end":{"line":70,"column":9}},"51":{"start":{"line":72,"column":6},"end":{"line":72,"column":108}},"52":{"start":{"line":76,"column":2},"end":{"line":78,"column":5}},"53":{"start":{"line":81,"column":0},"end":{"line":81,"column":36}}},"fnMap":{"0":{"name":"(anonymous_0)","decl":{"start":{"line":7,"column":21},"end":{"line":7,"column":22}},"loc":{"start":{"line":7,"column":33},"end":{"line":7,"column":661}},"line":7},"1":{"name":"sliceIterator","decl":{"start":{"line":7,"column":44},"end":{"line":7,"column":57}},"loc":{"start":{"line":7,"column":66},"end":{"line":7,"column":428}},"line":7},"2":{"name":"(anonymous_2)","decl":{"start":{"line":7,"column":436},"end":{"line":7,"column":437}},"loc":{"start":{"line":7,"column":454},"end":{"line":7,"column":658}},"line":7},"3":{"name":"_interopRequireDefault","decl":{"start":{"line":15,"column":9},"end":{"line":15,"column":31}},"loc":{"start":{"line":15,"column":37},"end":{"line":15,"column":95}},"line":15},"4":{"name":"_defineProperty","decl":{"start":{"line":17,"column":9},"end":{"line":17,"column":24}},"loc":{"start":{"line":17,"column":42},"end":{"line":17,"column":209}},"line":17},"5":{"name":"(anonymous_5)","decl":{"start":{"line":19,"column":18},"end":{"line":19,"column":19}},"loc":{"start":{"line":19,"column":38},"end":{"line":79,"column":1}},"line":19},"6":{"name":"(anonymous_6)","decl":{"start":{"line":24,"column":41},"end":{"line":24,"column":42}},"loc":{"start":{"line":24,"column":54},"end":{"line":60,"column":5}},"line":24},"7":{"name":"(anonymous_7)","decl":{"start":{"line":25,"column":48},"end":{"line":25,"column":49}},"loc":{"start":{"line":25,"column":64},"end":{"line":34,"column":7}},"line":25},"8":{"name":"(anonymous_8)","decl":{"start":{"line":34,"column":14},"end":{"line":34,"column":15}},"loc":{"start":{"line":34,"column":30},"end":{"line":44,"column":7}},"line":34},"9":{"name":"(anonymous_9)","decl":{"start":{"line":44,"column":14},"end":{"line":44,"column":15}},"loc":{"start":{"line":44,"column":30},"end":{"line":59,"column":7}},"line":44},"10":{"name":"(anonymous_10)","decl":{"start":{"line":53,"column":18},"end":{"line":53,"column":19}},"loc":{"start":{"line":53,"column":30},"end":{"line":55,"column":11}},"line":53},"11":{"name":"(anonymous_11)","decl":{"start":{"line":55,"column":18},"end":{"line":55,"column":19}},"loc":{"start":{"line":55,"column":30},"end":{"line":57,"column":11}},"line":55},"12":{"name":"(anonymous_12)","decl":{"start":{"line":60,"column":12},"end":{"line":60,"column":13}},"loc":{"start":{"line":60,"column":30},"end":{"line":66,"column":5}},"line":60},"13":{"name":"(anonymous_13)","decl":{"start":{"line":66,"column":12},"end":{"line":66,"column":13}},"loc":{"start":{"line":66,"column":30},"end":{"line":71,"column":5}},"line":66},"14":{"name":"(anonymous_14)","decl":{"start":{"line":71,"column":13},"end":{"line":71,"column":14}},"loc":{"start":{"line":71,"column":26},"end":{"line":73,"column":5}},"line":71}},"branchMap":{"0":{"loc":{"start":{"line":7,"column":247},"end":{"line":7,"column":281}},"type":"if","locations":[{"start":{"line":7,"column":247},"end":{"line":7,"column":281}},{"start":{"line":7,"column":247},"end":{"line":7,"column":281}}],"line":7},"1":{"loc":{"start":{"line":7,"column":251},"end":{"line":7,"column":273}},"type":"binary-expr","locations":[{"start":{"line":7,"column":251},"end":{"line":7,"column":252}},{"start":{"line":7,"column":256},"end":{"line":7,"column":273}}],"line":7},"2":{"loc":{"start":{"line":7,"column":339},"end":{"line":7,"column":379}},"type":"if","locations":[{"start":{"line":7,"column":339},"end":{"line":7,"column":379}},{"start":{"line":7,"column":339},"end":{"line":7,"column":379}}],"line":7},"3":{"loc":{"start":{"line":7,"column":343},"end":{"line":7,"column":362}},"type":"binary-expr","locations":[{"start":{"line":7,"column":343},"end":{"line":7,"column":346}},{"start":{"line":7,"column":350},"end":{"line":7,"column":362}}],"line":7},"4":{"loc":{"start":{"line":7,"column":392},"end":{"line":7,"column":409}},"type":"if","locations":[{"start":{"line":7,"column":392},"end":{"line":7,"column":409}},{"start":{"line":7,"column":392},"end":{"line":7,"column":409}}],"line":7},"5":{"loc":{"start":{"line":7,"column":456},"end":{"line":7,"column":656}},"type":"if","locations":[{"start":{"line":7,"column":456},"end":{"line":7,"column":656}},{"start":{"line":7,"column":456},"end":{"line":7,"column":656}}],"line":7},"6":{"loc":{"start":{"line":7,"column":501},"end":{"line":7,"column":656}},"type":"if","locations":[{"start":{"line":7,"column":501},"end":{"line":7,"column":656}},{"start":{"line":7,"column":501},"end":{"line":7,"column":656}}],"line":7},"7":{"loc":{"start":{"line":15,"column":46},"end":{"line":15,"column":92}},"type":"cond-expr","locations":[{"start":{"line":15,"column":70},"end":{"line":15,"column":73}},{"start":{"line":15,"column":76},"end":{"line":15,"column":92}}],"line":15},"8":{"loc":{"start":{"line":15,"column":46},"end":{"line":15,"column":67}},"type":"binary-expr","locations":[{"start":{"line":15,"column":46},"end":{"line":15,"column":49}},{"start":{"line":15,"column":53},"end":{"line":15,"column":67}}],"line":15},"9":{"loc":{"start":{"line":17,"column":44},"end":{"line":17,"column":195}},"type":"if","locations":[{"start":{"line":17,"column":44},"end":{"line":17,"column":195}},{"start":{"line":17,"column":44},"end":{"line":17,"column":195}}],"line":17},"10":{"loc":{"start":{"line":20,"column":2},"end":{"line":74,"column":3}},"type":"if","locations":[{"start":{"line":20,"column":2},"end":{"line":74,"column":3}},{"start":{"line":20,"column":2},"end":{"line":74,"column":3}}],"line":20},"11":{"loc":{"start":{"line":26,"column":8},"end":{"line":32,"column":9}},"type":"if","locations":[{"start":{"line":26,"column":8},"end":{"line":32,"column":9}},{"start":{"line":26,"column":8},"end":{"line":32,"column":9}}],"line":26},"12":{"loc":{"start":{"line":72,"column":13},"end":{"line":72,"column":107}},"type":"cond-expr","locations":[{"start":{"line":72,"column":28},"end":{"line":72,"column":88}},{"start":{"line":72,"column":91},"end":{"line":72,"column":107}}],"line":72}},"s":{"0":1,"1":1,"2":0,"3":0,"4":0,"5":0,"6":0,"7":0,"8":0,"9":0,"10":0,"11":0,"12":0,"13":0,"14":0,"15":0,"16":0,"17":0,"18":0,"19":1,"20":10,"21":10,"22":0,"23":0,"24":0,"25":1,"26":1,"27":1,"28":1,"29":0,"30":0,"31":0,"32":0,"33":1,"34":11,"35":10,"36":10,"37":10,"38":10,"39":0,"40":0,"41":10,"42":10,"43":10,"44":10,"45":10,"46":10,"47":10,"48":10,"49":10,"50":10,"51":0,"52":1,"53":1},"f":{"0":1,"1":0,"2":10,"3":1,"4":0,"5":11,"6":10,"7":10,"8":10,"9":10,"10":10,"11":10,"12":10,"13":10,"14":0},"b":{"0":[0,0],"1":[0,0],"2":[0,0],"3":[0,0],"4":[0,0],"5":[10,0],"6":[0,0],"7":[0,1],"8":[1,1],"9":[0,0],"10":[10,1],"11":[0,10],"12":[0,0]},"_coverageSchema":"332fd63041d2c1bcb487cc26dd0d5f7d97098a6c","hash":"3b850e1c78fac3b430aea76f72ae784b44bfbc84","contentHash":"edb67a9b4ff635004628f534bdff4226_11.6.0"},"C:\\Users\\user\\Desktop\\node tutorial\\sequelize\\scotch\\server\\controllers\\common\\index.js":{"path":"C:\\Users\\user\\Desktop\\node tutorial\\sequelize\\scotch\\server\\controllers\\common\\index.js","statementMap":{"0":{"start":{"line":3,"column":0},"end":{"line":5,"column":3}},"1":{"start":{"line":7,"column":21},"end":{"line":7,"column":663}},"2":{"start":{"line":7,"column":79},"end":{"line":7,"column":81}},"3":{"start":{"line":7,"column":92},"end":{"line":7,"column":96}},"4":{"start":{"line":7,"column":107},"end":{"line":7,"column":112}},"5":{"start":{"line":7,"column":123},"end":{"line":7,"column":132}},"6":{"start":{"line":7,"column":134},"end":{"line":7,"column":413}},"7":{"start":{"line":7,"column":140},"end":{"line":7,"column":283}},"8":{"start":{"line":7,"column":226},"end":{"line":7,"column":246}},"9":{"start":{"line":7,"column":247},"end":{"line":7,"column":281}},"10":{"start":{"line":7,"column":275},"end":{"line":7,"column":281}},"11":{"start":{"line":7,"column":300},"end":{"line":7,"column":310}},"12":{"start":{"line":7,"column":311},"end":{"line":7,"column":320}},"13":{"start":{"line":7,"column":333},"end":{"line":7,"column":411}},"14":{"start":{"line":7,"column":339},"end":{"line":7,"column":379}},"15":{"start":{"line":7,"column":364},"end":{"line":7,"column":379}},"16":{"start":{"line":7,"column":392},"end":{"line":7,"column":409}},"17":{"start":{"line":7,"column":400},"end":{"line":7,"column":409}},"18":{"start":{"line":7,"column":414},"end":{"line":7,"column":426}},"19":{"start":{"line":7,"column":429},"end":{"line":7,"column":659}},"20":{"start":{"line":7,"column":456},"end":{"line":7,"column":656}},"21":{"start":{"line":7,"column":482},"end":{"line":7,"column":493}},"22":{"start":{"line":7,"column":501},"end":{"line":7,"column":656}},"23":{"start":{"line":7,"column":539},"end":{"line":7,"column":568}},"24":{"start":{"line":7,"column":578},"end":{"line":7,"column":654}},"25":{"start":{"line":9,"column":0},"end":{"line":9,"column":33}},"26":{"start":{"line":11,"column":14},"end":{"line":11,"column":37}},"27":{"start":{"line":13,"column":35},"end":{"line":13,"column":193}},"28":{"start":{"line":13,"column":61},"end":{"line":13,"column":145}},"29":{"start":{"line":13,"column":126},"end":{"line":13,"column":143}},"30":{"start":{"line":13,"column":146},"end":{"line":13,"column":158}},"31":{"start":{"line":13,"column":168},"end":{"line":13,"column":191}},"32":{"start":{"line":23,"column":2},"end":{"line":23,"column":99}},"33":{"start":{"line":23,"column":39},"end":{"line":23,"column":99}},"34":{"start":{"line":25,"column":2},"end":{"line":25,"column":91}},"35":{"start":{"line":25,"column":31},"end":{"line":25,"column":91}},"36":{"start":{"line":27,"column":19},"end":{"line":31,"column":4}},"37":{"start":{"line":28,"column":4},"end":{"line":30,"column":37}},"38":{"start":{"line":29,"column":6},"end":{"line":29,"column":33}},"39":{"start":{"line":33,"column":2},"end":{"line":55,"column":24}},"40":{"start":{"line":34,"column":18},"end":{"line":34,"column":38}},"41":{"start":{"line":35,"column":17},"end":{"line":35,"column":30}},"42":{"start":{"line":37,"column":4},"end":{"line":54,"column":7}},"43":{"start":{"line":38,"column":6},"end":{"line":53,"column":9}},"44":{"start":{"line":44,"column":20},"end":{"line":44,"column":43}},"45":{"start":{"line":45,"column":18},"end":{"line":45,"column":26}},"46":{"start":{"line":47,"column":8},"end":{"line":52,"column":11}},"47":{"start":{"line":57,"column":0},"end":{"line":57,"column":36}}},"fnMap":{"0":{"name":"(anonymous_0)","decl":{"start":{"line":7,"column":21},"end":{"line":7,"column":22}},"loc":{"start":{"line":7,"column":33},"end":{"line":7,"column":661}},"line":7},"1":{"name":"sliceIterator","decl":{"start":{"line":7,"column":44},"end":{"line":7,"column":57}},"loc":{"start":{"line":7,"column":66},"end":{"line":7,"column":428}},"line":7},"2":{"name":"(anonymous_2)","decl":{"start":{"line":7,"column":436},"end":{"line":7,"column":437}},"loc":{"start":{"line":7,"column":454},"end":{"line":7,"column":658}},"line":7},"3":{"name":"_toConsumableArray","decl":{"start":{"line":13,"column":9},"end":{"line":13,"column":27}},"loc":{"start":{"line":13,"column":33},"end":{"line":13,"column":195}},"line":13},"4":{"name":"createOrUpdate","decl":{"start":{"line":22,"column":9},"end":{"line":22,"column":23}},"loc":{"start":{"line":22,"column":52},"end":{"line":56,"column":1}},"line":22},"5":{"name":"(anonymous_5)","decl":{"start":{"line":27,"column":83},"end":{"line":27,"column":84}},"loc":{"start":{"line":27,"column":110},"end":{"line":31,"column":3}},"line":27},"6":{"name":"(anonymous_6)","decl":{"start":{"line":28,"column":37},"end":{"line":28,"column":38}},"loc":{"start":{"line":28,"column":52},"end":{"line":30,"column":5}},"line":28},"7":{"name":"(anonymous_7)","decl":{"start":{"line":33,"column":27},"end":{"line":33,"column":28}},"loc":{"start":{"line":33,"column":49},"end":{"line":55,"column":3}},"line":33},"8":{"name":"(anonymous_8)","decl":{"start":{"line":37,"column":21},"end":{"line":37,"column":22}},"loc":{"start":{"line":37,"column":33},"end":{"line":54,"column":5}},"line":37},"9":{"name":"(anonymous_9)","decl":{"start":{"line":43,"column":14},"end":{"line":43,"column":15}},"loc":{"start":{"line":43,"column":30},"end":{"line":53,"column":7}},"line":43}},"branchMap":{"0":{"loc":{"start":{"line":7,"column":247},"end":{"line":7,"column":281}},"type":"if","locations":[{"start":{"line":7,"column":247},"end":{"line":7,"column":281}},{"start":{"line":7,"column":247},"end":{"line":7,"column":281}}],"line":7},"1":{"loc":{"start":{"line":7,"column":251},"end":{"line":7,"column":273}},"type":"binary-expr","locations":[{"start":{"line":7,"column":251},"end":{"line":7,"column":252}},{"start":{"line":7,"column":256},"end":{"line":7,"column":273}}],"line":7},"2":{"loc":{"start":{"line":7,"column":339},"end":{"line":7,"column":379}},"type":"if","locations":[{"start":{"line":7,"column":339},"end":{"line":7,"column":379}},{"start":{"line":7,"column":339},"end":{"line":7,"column":379}}],"line":7},"3":{"loc":{"start":{"line":7,"column":343},"end":{"line":7,"column":362}},"type":"binary-expr","locations":[{"start":{"line":7,"column":343},"end":{"line":7,"column":346}},{"start":{"line":7,"column":350},"end":{"line":7,"column":362}}],"line":7},"4":{"loc":{"start":{"line":7,"column":392},"end":{"line":7,"column":409}},"type":"if","locations":[{"start":{"line":7,"column":392},"end":{"line":7,"column":409}},{"start":{"line":7,"column":392},"end":{"line":7,"column":409}}],"line":7},"5":{"loc":{"start":{"line":7,"column":456},"end":{"line":7,"column":656}},"type":"if","locations":[{"start":{"line":7,"column":456},"end":{"line":7,"column":656}},{"start":{"line":7,"column":456},"end":{"line":7,"column":656}}],"line":7},"6":{"loc":{"start":{"line":7,"column":501},"end":{"line":7,"column":656}},"type":"if","locations":[{"start":{"line":7,"column":501},"end":{"line":7,"column":656}},{"start":{"line":7,"column":501},"end":{"line":7,"column":656}}],"line":7},"7":{"loc":{"start":{"line":13,"column":35},"end":{"line":13,"column":193}},"type":"if","locations":[{"start":{"line":13,"column":35},"end":{"line":13,"column":193}},{"start":{"line":13,"column":35},"end":{"line":13,"column":193}}],"line":13},"8":{"loc":{"start":{"line":23,"column":2},"end":{"line":23,"column":99}},"type":"if","locations":[{"start":{"line":23,"column":2},"end":{"line":23,"column":99}},{"start":{"line":23,"column":2},"end":{"line":23,"column":99}}],"line":23},"9":{"loc":{"start":{"line":25,"column":2},"end":{"line":25,"column":91}},"type":"if","locations":[{"start":{"line":25,"column":2},"end":{"line":25,"column":91}},{"start":{"line":25,"column":2},"end":{"line":25,"column":91}}],"line":25},"10":{"loc":{"start":{"line":42,"column":21},"end":{"line":42,"column":30}},"type":"binary-expr","locations":[{"start":{"line":42,"column":21},"end":{"line":42,"column":22}},{"start":{"line":42,"column":26},"end":{"line":42,"column":30}}],"line":42},"11":{"loc":{"start":{"line":51,"column":23},"end":{"line":51,"column":32}},"type":"binary-expr","locations":[{"start":{"line":51,"column":23},"end":{"line":51,"column":24}},{"start":{"line":51,"column":28},"end":{"line":51,"column":32}}],"line":51}},"s":{"0":1,"1":1,"2":0,"3":0,"4":0,"5":0,"6":0,"7":0,"8":0,"9":0,"10":0,"11":0,"12":0,"13":0,"14":0,"15":0,"16":0,"17":0,"18":0,"19":1,"20":41,"21":41,"22":0,"23":0,"24":0,"25":1,"26":1,"27":11,"28":11,"29":41,"30":11,"31":0,"32":11,"33":0,"34":11,"35":0,"36":11,"37":41,"38":60,"39":11,"40":41,"41":41,"42":41,"43":41,"44":41,"45":41,"46":41,"47":1},"f":{"0":1,"1":0,"2":41,"3":11,"4":11,"5":41,"6":60,"7":41,"8":41,"9":41},"b":{"0":[0,0],"1":[0,0],"2":[0,0],"3":[0,0],"4":[0,0],"5":[41,0],"6":[0,0],"7":[11,0],"8":[0,11],"9":[0,11],"10":[41,0],"11":[41,0]},"_coverageSchema":"332fd63041d2c1bcb487cc26dd0d5f7d97098a6c","hash":"b435ea72d91647c56ea0098c915b69c41b1657ba","contentHash":"ba5e1746861a9636be1215b4be21996f_11.6.0"},"C:\\Users\\user\\Desktop\\node tutorial\\sequelize\\scotch\\server\\controllers\\editRecipe.js":{"path":"C:\\Users\\user\\Desktop\\node tutorial\\sequelize\\scotch\\server\\controllers\\editRecipe.js","statementMap":{"0":{"start":{"line":3,"column":0},"end":{"line":5,"column":3}},"1":{"start":{"line":7,"column":21},"end":{"line":7,"column":663}},"2":{"start":{"line":7,"column":79},"end":{"line":7,"column":81}},"3":{"start":{"line":7,"column":92},"end":{"line":7,"column":96}},"4":{"start":{"line":7,"column":107},"end":{"line":7,"column":112}},"5":{"start":{"line":7,"column":123},"end":{"line":7,"column":132}},"6":{"start":{"line":7,"column":134},"end":{"line":7,"column":413}},"7":{"start":{"line":7,"column":140},"end":{"line":7,"column":283}},"8":{"start":{"line":7,"column":226},"end":{"line":7,"column":246}},"9":{"start":{"line":7,"column":247},"end":{"line":7,"column":281}},"10":{"start":{"line":7,"column":275},"end":{"line":7,"column":281}},"11":{"start":{"line":7,"column":300},"end":{"line":7,"column":310}},"12":{"start":{"line":7,"column":311},"end":{"line":7,"column":320}},"13":{"start":{"line":7,"column":333},"end":{"line":7,"column":411}},"14":{"start":{"line":7,"column":339},"end":{"line":7,"column":379}},"15":{"start":{"line":7,"column":364},"end":{"line":7,"column":379}},"16":{"start":{"line":7,"column":392},"end":{"line":7,"column":409}},"17":{"start":{"line":7,"column":400},"end":{"line":7,"column":409}},"18":{"start":{"line":7,"column":414},"end":{"line":7,"column":426}},"19":{"start":{"line":7,"column":429},"end":{"line":7,"column":659}},"20":{"start":{"line":7,"column":456},"end":{"line":7,"column":656}},"21":{"start":{"line":7,"column":482},"end":{"line":7,"column":493}},"22":{"start":{"line":7,"column":501},"end":{"line":7,"column":656}},"23":{"start":{"line":7,"column":539},"end":{"line":7,"column":568}},"24":{"start":{"line":7,"column":578},"end":{"line":7,"column":654}},"25":{"start":{"line":9,"column":14},"end":{"line":9,"column":34}},"26":{"start":{"line":11,"column":14},"end":{"line":11,"column":33}},"27":{"start":{"line":13,"column":15},"end":{"line":13,"column":46}},"28":{"start":{"line":15,"column":39},"end":{"line":15,"column":93}},"29":{"start":{"line":17,"column":44},"end":{"line":17,"column":195}},"30":{"start":{"line":17,"column":62},"end":{"line":17,"column":166}},"31":{"start":{"line":17,"column":176},"end":{"line":17,"column":193}},"32":{"start":{"line":17,"column":196},"end":{"line":17,"column":207}},"33":{"start":{"line":19,"column":0},"end":{"line":77,"column":2}},"34":{"start":{"line":20,"column":2},"end":{"line":75,"column":3}},"35":{"start":{"line":21,"column":19},"end":{"line":21,"column":38}},"36":{"start":{"line":22,"column":17},"end":{"line":22,"column":33}},"37":{"start":{"line":25,"column":4},"end":{"line":74,"column":7}},"38":{"start":{"line":26,"column":6},"end":{"line":26,"column":61}},"39":{"start":{"line":26,"column":17},"end":{"line":26,"column":61}},"40":{"start":{"line":28,"column":6},"end":{"line":32,"column":9}},"41":{"start":{"line":34,"column":6},"end":{"line":34,"column":77}},"42":{"start":{"line":34,"column":23},"end":{"line":34,"column":77}},"43":{"start":{"line":35,"column":6},"end":{"line":35,"column":24}},"44":{"start":{"line":37,"column":6},"end":{"line":51,"column":8}},"45":{"start":{"line":40,"column":10},"end":{"line":49,"column":13}},"46":{"start":{"line":44,"column":12},"end":{"line":48,"column":29}},"47":{"start":{"line":47,"column":14},"end":{"line":47,"column":83}},"48":{"start":{"line":53,"column":18},"end":{"line":53,"column":41}},"49":{"start":{"line":54,"column":22},"end":{"line":54,"column":30}},"50":{"start":{"line":56,"column":6},"end":{"line":62,"column":9}},"51":{"start":{"line":61,"column":8},"end":{"line":61,"column":68}},"52":{"start":{"line":64,"column":6},"end":{"line":72,"column":7}},"53":{"start":{"line":65,"column":8},"end":{"line":70,"column":9}},"54":{"start":{"line":66,"column":10},"end":{"line":69,"column":13}},"55":{"start":{"line":71,"column":8},"end":{"line":71,"column":85}},"56":{"start":{"line":73,"column":6},"end":{"line":73,"column":42}},"57":{"start":{"line":76,"column":2},"end":{"line":76,"column":71}},"58":{"start":{"line":79,"column":0},"end":{"line":79,"column":36}}},"fnMap":{"0":{"name":"(anonymous_0)","decl":{"start":{"line":7,"column":21},"end":{"line":7,"column":22}},"loc":{"start":{"line":7,"column":33},"end":{"line":7,"column":661}},"line":7},"1":{"name":"sliceIterator","decl":{"start":{"line":7,"column":44},"end":{"line":7,"column":57}},"loc":{"start":{"line":7,"column":66},"end":{"line":7,"column":428}},"line":7},"2":{"name":"(anonymous_2)","decl":{"start":{"line":7,"column":436},"end":{"line":7,"column":437}},"loc":{"start":{"line":7,"column":454},"end":{"line":7,"column":658}},"line":7},"3":{"name":"_interopRequireDefault","decl":{"start":{"line":15,"column":9},"end":{"line":15,"column":31}},"loc":{"start":{"line":15,"column":37},"end":{"line":15,"column":95}},"line":15},"4":{"name":"_defineProperty","decl":{"start":{"line":17,"column":9},"end":{"line":17,"column":24}},"loc":{"start":{"line":17,"column":42},"end":{"line":17,"column":209}},"line":17},"5":{"name":"(anonymous_5)","decl":{"start":{"line":19,"column":18},"end":{"line":19,"column":19}},"loc":{"start":{"line":19,"column":38},"end":{"line":77,"column":1}},"line":19},"6":{"name":"(anonymous_6)","decl":{"start":{"line":25,"column":46},"end":{"line":25,"column":47}},"loc":{"start":{"line":25,"column":62},"end":{"line":33,"column":5}},"line":25},"7":{"name":"(anonymous_7)","decl":{"start":{"line":33,"column":12},"end":{"line":33,"column":13}},"loc":{"start":{"line":33,"column":31},"end":{"line":36,"column":5}},"line":33},"8":{"name":"(anonymous_8)","decl":{"start":{"line":36,"column":12},"end":{"line":36,"column":13}},"loc":{"start":{"line":36,"column":30},"end":{"line":52,"column":5}},"line":36},"9":{"name":"(anonymous_9)","decl":{"start":{"line":39,"column":38},"end":{"line":39,"column":39}},"loc":{"start":{"line":39,"column":51},"end":{"line":50,"column":9}},"line":39},"10":{"name":"(anonymous_10)","decl":{"start":{"line":43,"column":18},"end":{"line":43,"column":19}},"loc":{"start":{"line":43,"column":43},"end":{"line":49,"column":11}},"line":43},"11":{"name":"(anonymous_11)","decl":{"start":{"line":46,"column":20},"end":{"line":46,"column":21}},"loc":{"start":{"line":46,"column":32},"end":{"line":48,"column":13}},"line":46},"12":{"name":"(anonymous_12)","decl":{"start":{"line":52,"column":12},"end":{"line":52,"column":13}},"loc":{"start":{"line":52,"column":28},"end":{"line":63,"column":5}},"line":52},"13":{"name":"(anonymous_13)","decl":{"start":{"line":60,"column":14},"end":{"line":60,"column":15}},"loc":{"start":{"line":60,"column":32},"end":{"line":62,"column":7}},"line":60},"14":{"name":"(anonymous_14)","decl":{"start":{"line":63,"column":13},"end":{"line":63,"column":14}},"loc":{"start":{"line":63,"column":26},"end":{"line":74,"column":5}},"line":63}},"branchMap":{"0":{"loc":{"start":{"line":7,"column":247},"end":{"line":7,"column":281}},"type":"if","locations":[{"start":{"line":7,"column":247},"end":{"line":7,"column":281}},{"start":{"line":7,"column":247},"end":{"line":7,"column":281}}],"line":7},"1":{"loc":{"start":{"line":7,"column":251},"end":{"line":7,"column":273}},"type":"binary-expr","locations":[{"start":{"line":7,"column":251},"end":{"line":7,"column":252}},{"start":{"line":7,"column":256},"end":{"line":7,"column":273}}],"line":7},"2":{"loc":{"start":{"line":7,"column":339},"end":{"line":7,"column":379}},"type":"if","locations":[{"start":{"line":7,"column":339},"end":{"line":7,"column":379}},{"start":{"line":7,"column":339},"end":{"line":7,"column":379}}],"line":7},"3":{"loc":{"start":{"line":7,"column":343},"end":{"line":7,"column":362}},"type":"binary-expr","locations":[{"start":{"line":7,"column":343},"end":{"line":7,"column":346}},{"start":{"line":7,"column":350},"end":{"line":7,"column":362}}],"line":7},"4":{"loc":{"start":{"line":7,"column":392},"end":{"line":7,"column":409}},"type":"if","locations":[{"start":{"line":7,"column":392},"end":{"line":7,"column":409}},{"start":{"line":7,"column":392},"end":{"line":7,"column":409}}],"line":7},"5":{"loc":{"start":{"line":7,"column":456},"end":{"line":7,"column":656}},"type":"if","locations":[{"start":{"line":7,"column":456},"end":{"line":7,"column":656}},{"start":{"line":7,"column":456},"end":{"line":7,"column":656}}],"line":7},"6":{"loc":{"start":{"line":7,"column":501},"end":{"line":7,"column":656}},"type":"if","locations":[{"start":{"line":7,"column":501},"end":{"line":7,"column":656}},{"start":{"line":7,"column":501},"end":{"line":7,"column":656}}],"line":7},"7":{"loc":{"start":{"line":15,"column":46},"end":{"line":15,"column":92}},"type":"cond-expr","locations":[{"start":{"line":15,"column":70},"end":{"line":15,"column":73}},{"start":{"line":15,"column":76},"end":{"line":15,"column":92}}],"line":15},"8":{"loc":{"start":{"line":15,"column":46},"end":{"line":15,"column":67}},"type":"binary-expr","locations":[{"start":{"line":15,"column":46},"end":{"line":15,"column":49}},{"start":{"line":15,"column":53},"end":{"line":15,"column":67}}],"line":15},"9":{"loc":{"start":{"line":17,"column":44},"end":{"line":17,"column":195}},"type":"if","locations":[{"start":{"line":17,"column":44},"end":{"line":17,"column":195}},{"start":{"line":17,"column":44},"end":{"line":17,"column":195}}],"line":17},"10":{"loc":{"start":{"line":20,"column":2},"end":{"line":75,"column":3}},"type":"if","locations":[{"start":{"line":20,"column":2},"end":{"line":75,"column":3}},{"start":{"line":20,"column":2},"end":{"line":75,"column":3}}],"line":20},"11":{"loc":{"start":{"line":20,"column":6},"end":{"line":20,"column":61}},"type":"binary-expr","locations":[{"start":{"line":20,"column":6},"end":{"line":20,"column":22}},{"start":{"line":20,"column":26},"end":{"line":20,"column":39}},{"start":{"line":20,"column":43},"end":{"line":20,"column":61}}],"line":20},"12":{"loc":{"start":{"line":26,"column":6},"end":{"line":26,"column":61}},"type":"if","locations":[{"start":{"line":26,"column":6},"end":{"line":26,"column":61}},{"start":{"line":26,"column":6},"end":{"line":26,"column":61}}],"line":26},"13":{"loc":{"start":{"line":34,"column":6},"end":{"line":34,"column":77}},"type":"if","locations":[{"start":{"line":34,"column":6},"end":{"line":34,"column":77}},{"start":{"line":34,"column":6},"end":{"line":34,"column":77}}],"line":34},"14":{"loc":{"start":{"line":44,"column":47},"end":{"line":48,"column":26}},"type":"cond-expr","locations":[{"start":{"line":44,"column":70},"end":{"line":48,"column":14}},{"start":{"line":48,"column":17},"end":{"line":48,"column":26}}],"line":44},"15":{"loc":{"start":{"line":64,"column":6},"end":{"line":72,"column":7}},"type":"if","locations":[{"start":{"line":64,"column":6},"end":{"line":72,"column":7}},{"start":{"line":64,"column":6},"end":{"line":72,"column":7}}],"line":64},"16":{"loc":{"start":{"line":65,"column":8},"end":{"line":70,"column":9}},"type":"if","locations":[{"start":{"line":65,"column":8},"end":{"line":70,"column":9}},{"start":{"line":65,"column":8},"end":{"line":70,"column":9}}],"line":65}},"s":{"0":1,"1":1,"2":0,"3":0,"4":0,"5":0,"6":0,"7":0,"8":0,"9":0,"10":0,"11":0,"12":0,"13":0,"14":0,"15":0,"16":0,"17":0,"18":0,"19":1,"20":1,"21":1,"22":0,"23":0,"24":0,"25":1,"26":1,"27":1,"28":1,"29":0,"30":0,"31":0,"32":0,"33":1,"34":1,"35":1,"36":1,"37":1,"38":1,"39":0,"40":1,"41":1,"42":0,"43":1,"44":1,"45":1,"46":1,"47":1,"48":1,"49":1,"50":1,"51":1,"52":0,"53":0,"54":0,"55":0,"56":0,"57":0,"58":1},"f":{"0":1,"1":0,"2":1,"3":1,"4":0,"5":1,"6":1,"7":1,"8":1,"9":1,"10":1,"11":1,"12":1,"13":1,"14":0},"b":{"0":[0,0],"1":[0,0],"2":[0,0],"3":[0,0],"4":[0,0],"5":[1,0],"6":[0,0],"7":[0,1],"8":[1,1],"9":[0,0],"10":[1,0],"11":[1,1,1],"12":[0,1],"13":[0,1],"14":[1,0],"15":[0,0],"16":[0,0]},"_coverageSchema":"332fd63041d2c1bcb487cc26dd0d5f7d97098a6c","hash":"5f0dae34c02c095193d0e3b3e4ebed03463128f9","contentHash":"7f3ed88955e1386251e7b47e99c73434_11.6.0"},"C:\\Users\\user\\Desktop\\node tutorial\\sequelize\\scotch\\server\\controllers\\deleteRecipe.js":{"path":"C:\\Users\\user\\Desktop\\node tutorial\\sequelize\\scotch\\server\\controllers\\deleteRecipe.js","statementMap":{"0":{"start":{"line":3,"column":0},"end":{"line":5,"column":3}},"1":{"start":{"line":7,"column":21},"end":{"line":7,"column":663}},"2":{"start":{"line":7,"column":79},"end":{"line":7,"column":81}},"3":{"start":{"line":7,"column":92},"end":{"line":7,"column":96}},"4":{"start":{"line":7,"column":107},"end":{"line":7,"column":112}},"5":{"start":{"line":7,"column":123},"end":{"line":7,"column":132}},"6":{"start":{"line":7,"column":134},"end":{"line":7,"column":413}},"7":{"start":{"line":7,"column":140},"end":{"line":7,"column":283}},"8":{"start":{"line":7,"column":226},"end":{"line":7,"column":246}},"9":{"start":{"line":7,"column":247},"end":{"line":7,"column":281}},"10":{"start":{"line":7,"column":275},"end":{"line":7,"column":281}},"11":{"start":{"line":7,"column":300},"end":{"line":7,"column":310}},"12":{"start":{"line":7,"column":311},"end":{"line":7,"column":320}},"13":{"start":{"line":7,"column":333},"end":{"line":7,"column":411}},"14":{"start":{"line":7,"column":339},"end":{"line":7,"column":379}},"15":{"start":{"line":7,"column":364},"end":{"line":7,"column":379}},"16":{"start":{"line":7,"column":392},"end":{"line":7,"column":409}},"17":{"start":{"line":7,"column":400},"end":{"line":7,"column":409}},"18":{"start":{"line":7,"column":414},"end":{"line":7,"column":426}},"19":{"start":{"line":7,"column":429},"end":{"line":7,"column":659}},"20":{"start":{"line":7,"column":456},"end":{"line":7,"column":656}},"21":{"start":{"line":7,"column":482},"end":{"line":7,"column":493}},"22":{"start":{"line":7,"column":501},"end":{"line":7,"column":656}},"23":{"start":{"line":7,"column":539},"end":{"line":7,"column":568}},"24":{"start":{"line":7,"column":578},"end":{"line":7,"column":654}},"25":{"start":{"line":9,"column":14},"end":{"line":9,"column":34}},"26":{"start":{"line":11,"column":44},"end":{"line":11,"column":195}},"27":{"start":{"line":11,"column":62},"end":{"line":11,"column":166}},"28":{"start":{"line":11,"column":176},"end":{"line":11,"column":193}},"29":{"start":{"line":11,"column":196},"end":{"line":11,"column":207}},"30":{"start":{"line":13,"column":0},"end":{"line":67,"column":2}},"31":{"start":{"line":14,"column":2},"end":{"line":66,"column":3}},"32":{"start":{"line":15,"column":17},"end":{"line":15,"column":33}},"33":{"start":{"line":16,"column":19},"end":{"line":16,"column":52}},"34":{"start":{"line":17,"column":4},"end":{"line":59,"column":7}},"35":{"start":{"line":18,"column":6},"end":{"line":24,"column":7}},"36":{"start":{"line":19,"column":8},"end":{"line":23,"column":11}},"37":{"start":{"line":26,"column":6},"end":{"line":28,"column":8}},"38":{"start":{"line":30,"column":6},"end":{"line":35,"column":7}},"39":{"start":{"line":32,"column":8},"end":{"line":34,"column":10}},"40":{"start":{"line":36,"column":19},"end":{"line":36,"column":29}},"41":{"start":{"line":37,"column":6},"end":{"line":37,"column":53}},"42":{"start":{"line":39,"column":18},"end":{"line":39,"column":41}},"43":{"start":{"line":40,"column":19},"end":{"line":40,"column":27}},"44":{"start":{"line":42,"column":6},"end":{"line":47,"column":8}},"45":{"start":{"line":49,"column":6},"end":{"line":57,"column":7}},"46":{"start":{"line":50,"column":8},"end":{"line":55,"column":9}},"47":{"start":{"line":51,"column":10},"end":{"line":54,"column":13}},"48":{"start":{"line":56,"column":8},"end":{"line":56,"column":89}},"49":{"start":{"line":58,"column":6},"end":{"line":58,"column":46}},"50":{"start":{"line":63,"column":4},"end":{"line":65,"column":7}},"51":{"start":{"line":69,"column":0},"end":{"line":69,"column":36}}},"fnMap":{"0":{"name":"(anonymous_0)","decl":{"start":{"line":7,"column":21},"end":{"line":7,"column":22}},"loc":{"start":{"line":7,"column":33},"end":{"line":7,"column":661}},"line":7},"1":{"name":"sliceIterator","decl":{"start":{"line":7,"column":44},"end":{"line":7,"column":57}},"loc":{"start":{"line":7,"column":66},"end":{"line":7,"column":428}},"line":7},"2":{"name":"(anonymous_2)","decl":{"start":{"line":7,"column":436},"end":{"line":7,"column":437}},"loc":{"start":{"line":7,"column":454},"end":{"line":7,"column":658}},"line":7},"3":{"name":"_defineProperty","decl":{"start":{"line":11,"column":9},"end":{"line":11,"column":24}},"loc":{"start":{"line":11,"column":42},"end":{"line":11,"column":209}},"line":11},"4":{"name":"(anonymous_4)","decl":{"start":{"line":13,"column":18},"end":{"line":13,"column":19}},"loc":{"start":{"line":13,"column":38},"end":{"line":67,"column":1}},"line":13},"5":{"name":"(anonymous_5)","decl":{"start":{"line":17,"column":39},"end":{"line":17,"column":40}},"loc":{"start":{"line":17,"column":55},"end":{"line":29,"column":5}},"line":17},"6":{"name":"(anonymous_6)","decl":{"start":{"line":29,"column":12},"end":{"line":29,"column":13}},"loc":{"start":{"line":29,"column":31},"end":{"line":38,"column":5}},"line":29},"7":{"name":"(anonymous_7)","decl":{"start":{"line":38,"column":12},"end":{"line":38,"column":13}},"loc":{"start":{"line":38,"column":28},"end":{"line":48,"column":5}},"line":38},"8":{"name":"(anonymous_8)","decl":{"start":{"line":48,"column":13},"end":{"line":48,"column":14}},"loc":{"start":{"line":48,"column":28},"end":{"line":59,"column":5}},"line":48}},"branchMap":{"0":{"loc":{"start":{"line":7,"column":247},"end":{"line":7,"column":281}},"type":"if","locations":[{"start":{"line":7,"column":247},"end":{"line":7,"column":281}},{"start":{"line":7,"column":247},"end":{"line":7,"column":281}}],"line":7},"1":{"loc":{"start":{"line":7,"column":251},"end":{"line":7,"column":273}},"type":"binary-expr","locations":[{"start":{"line":7,"column":251},"end":{"line":7,"column":252}},{"start":{"line":7,"column":256},"end":{"line":7,"column":273}}],"line":7},"2":{"loc":{"start":{"line":7,"column":339},"end":{"line":7,"column":379}},"type":"if","locations":[{"start":{"line":7,"column":339},"end":{"line":7,"column":379}},{"start":{"line":7,"column":339},"end":{"line":7,"column":379}}],"line":7},"3":{"loc":{"start":{"line":7,"column":343},"end":{"line":7,"column":362}},"type":"binary-expr","locations":[{"start":{"line":7,"column":343},"end":{"line":7,"column":346}},{"start":{"line":7,"column":350},"end":{"line":7,"column":362}}],"line":7},"4":{"loc":{"start":{"line":7,"column":392},"end":{"line":7,"column":409}},"type":"if","locations":[{"start":{"line":7,"column":392},"end":{"line":7,"column":409}},{"start":{"line":7,"column":392},"end":{"line":7,"column":409}}],"line":7},"5":{"loc":{"start":{"line":7,"column":456},"end":{"line":7,"column":656}},"type":"if","locations":[{"start":{"line":7,"column":456},"end":{"line":7,"column":656}},{"start":{"line":7,"column":456},"end":{"line":7,"column":656}}],"line":7},"6":{"loc":{"start":{"line":7,"column":501},"end":{"line":7,"column":656}},"type":"if","locations":[{"start":{"line":7,"column":501},"end":{"line":7,"column":656}},{"start":{"line":7,"column":501},"end":{"line":7,"column":656}}],"line":7},"7":{"loc":{"start":{"line":11,"column":44},"end":{"line":11,"column":195}},"type":"if","locations":[{"start":{"line":11,"column":44},"end":{"line":11,"column":195}},{"start":{"line":11,"column":44},"end":{"line":11,"column":195}}],"line":11},"8":{"loc":{"start":{"line":14,"column":2},"end":{"line":66,"column":3}},"type":"if","locations":[{"start":{"line":14,"column":2},"end":{"line":66,"column":3}},{"start":{"line":14,"column":2},"end":{"line":66,"column":3}}],"line":14},"9":{"loc":{"start":{"line":18,"column":6},"end":{"line":24,"column":7}},"type":"if","locations":[{"start":{"line":18,"column":6},"end":{"line":24,"column":7}},{"start":{"line":18,"column":6},"end":{"line":24,"column":7}}],"line":18},"10":{"loc":{"start":{"line":30,"column":6},"end":{"line":35,"column":7}},"type":"if","locations":[{"start":{"line":30,"column":6},"end":{"line":35,"column":7}},{"start":{"line":30,"column":6},"end":{"line":35,"column":7}}],"line":30},"11":{"loc":{"start":{"line":49,"column":6},"end":{"line":57,"column":7}},"type":"if","locations":[{"start":{"line":49,"column":6},"end":{"line":57,"column":7}},{"start":{"line":49,"column":6},"end":{"line":57,"column":7}}],"line":49},"12":{"loc":{"start":{"line":50,"column":8},"end":{"line":55,"column":9}},"type":"if","locations":[{"start":{"line":50,"column":8},"end":{"line":55,"column":9}},{"start":{"line":50,"column":8},"end":{"line":55,"column":9}}],"line":50}},"s":{"0":1,"1":1,"2":0,"3":0,"4":0,"5":0,"6":0,"7":0,"8":0,"9":0,"10":0,"11":0,"12":0,"13":0,"14":0,"15":0,"16":0,"17":0,"18":0,"19":1,"20":1,"21":1,"22":0,"23":0,"24":0,"25":1,"26":0,"27":0,"28":0,"29":0,"30":1,"31":2,"32":1,"33":1,"34":1,"35":1,"36":1,"37":0,"38":1,"39":0,"40":1,"41":1,"42":1,"43":1,"44":1,"45":0,"46":0,"47":0,"48":0,"49":0,"50":1,"51":1},"f":{"0":1,"1":0,"2":1,"3":0,"4":2,"5":1,"6":1,"7":1,"8":0},"b":{"0":[0,0],"1":[0,0],"2":[0,0],"3":[0,0],"4":[0,0],"5":[1,0],"6":[0,0],"7":[0,0],"8":[1,1],"9":[1,0],"10":[0,1],"11":[0,0],"12":[0,0]},"_coverageSchema":"332fd63041d2c1bcb487cc26dd0d5f7d97098a6c","hash":"73f798752e81663e3c2e29ab0cddc66bb29f9613","contentHash":"86c2322a19c53c8d46adeae85b42c7f4_11.6.0"},"C:\\Users\\user\\Desktop\\node tutorial\\sequelize\\scotch\\server\\controllers\\getRecipe.js":{"path":"C:\\Users\\user\\Desktop\\node tutorial\\sequelize\\scotch\\server\\controllers\\getRecipe.js","statementMap":{"0":{"start":{"line":3,"column":0},"end":{"line":5,"column":3}},"1":{"start":{"line":7,"column":14},"end":{"line":7,"column":34}},"2":{"start":{"line":9,"column":44},"end":{"line":9,"column":195}},"3":{"start":{"line":9,"column":62},"end":{"line":9,"column":166}},"4":{"start":{"line":9,"column":176},"end":{"line":9,"column":193}},"5":{"start":{"line":9,"column":196},"end":{"line":9,"column":207}},"6":{"start":{"line":11,"column":0},"end":{"line":32,"column":2}},"7":{"start":{"line":13,"column":2},"end":{"line":28,"column":3}},"8":{"start":{"line":14,"column":4},"end":{"line":27,"column":7}},"9":{"start":{"line":24,"column":6},"end":{"line":24,"column":31}},"10":{"start":{"line":26,"column":6},"end":{"line":26,"column":129}},"11":{"start":{"line":29,"column":2},"end":{"line":31,"column":5}},"12":{"start":{"line":34,"column":0},"end":{"line":34,"column":36}}},"fnMap":{"0":{"name":"_defineProperty","decl":{"start":{"line":9,"column":9},"end":{"line":9,"column":24}},"loc":{"start":{"line":9,"column":42},"end":{"line":9,"column":209}},"line":9},"1":{"name":"(anonymous_1)","decl":{"start":{"line":11,"column":18},"end":{"line":11,"column":19}},"loc":{"start":{"line":11,"column":38},"end":{"line":32,"column":1}},"line":11},"2":{"name":"(anonymous_2)","decl":{"start":{"line":23,"column":12},"end":{"line":23,"column":13}},"loc":{"start":{"line":23,"column":31},"end":{"line":25,"column":5}},"line":23},"3":{"name":"(anonymous_3)","decl":{"start":{"line":25,"column":13},"end":{"line":25,"column":14}},"loc":{"start":{"line":25,"column":26},"end":{"line":27,"column":5}},"line":25}},"branchMap":{"0":{"loc":{"start":{"line":9,"column":44},"end":{"line":9,"column":195}},"type":"if","locations":[{"start":{"line":9,"column":44},"end":{"line":9,"column":195}},{"start":{"line":9,"column":44},"end":{"line":9,"column":195}}],"line":9},"1":{"loc":{"start":{"line":13,"column":2},"end":{"line":28,"column":3}},"type":"if","locations":[{"start":{"line":13,"column":2},"end":{"line":28,"column":3}},{"start":{"line":13,"column":2},"end":{"line":28,"column":3}}],"line":13},"2":{"loc":{"start":{"line":26,"column":13},"end":{"line":26,"column":128}},"type":"cond-expr","locations":[{"start":{"line":26,"column":28},"end":{"line":26,"column":88}},{"start":{"line":26,"column":91},"end":{"line":26,"column":128}}],"line":26}},"s":{"0":1,"1":1,"2":0,"3":0,"4":0,"5":0,"6":1,"7":2,"8":1,"9":1,"10":0,"11":1,"12":1},"f":{"0":0,"1":2,"2":1,"3":0},"b":{"0":[0,0],"1":[1,1],"2":[0,0]},"_coverageSchema":"332fd63041d2c1bcb487cc26dd0d5f7d97098a6c","hash":"7d7fd843ee9a34fffff3a6b1b40976668394e67d","contentHash":"96914ff7ae8b3ca514ab5782a6de32c5_11.6.0"},"C:\\Users\\user\\Desktop\\node tutorial\\sequelize\\scotch\\server\\controllers\\newReview.js":{"path":"C:\\Users\\user\\Desktop\\node tutorial\\sequelize\\scotch\\server\\controllers\\newReview.js","statementMap":{"0":{"start":{"line":3,"column":0},"end":{"line":5,"column":3}},"1":{"start":{"line":7,"column":21},"end":{"line":7,"column":663}},"2":{"start":{"line":7,"column":79},"end":{"line":7,"column":81}},"3":{"start":{"line":7,"column":92},"end":{"line":7,"column":96}},"4":{"start":{"line":7,"column":107},"end":{"line":7,"column":112}},"5":{"start":{"line":7,"column":123},"end":{"line":7,"column":132}},"6":{"start":{"line":7,"column":134},"end":{"line":7,"column":413}},"7":{"start":{"line":7,"column":140},"end":{"line":7,"column":283}},"8":{"start":{"line":7,"column":226},"end":{"line":7,"column":246}},"9":{"start":{"line":7,"column":247},"end":{"line":7,"column":281}},"10":{"start":{"line":7,"column":275},"end":{"line":7,"column":281}},"11":{"start":{"line":7,"column":300},"end":{"line":7,"column":310}},"12":{"start":{"line":7,"column":311},"end":{"line":7,"column":320}},"13":{"start":{"line":7,"column":333},"end":{"line":7,"column":411}},"14":{"start":{"line":7,"column":339},"end":{"line":7,"column":379}},"15":{"start":{"line":7,"column":364},"end":{"line":7,"column":379}},"16":{"start":{"line":7,"column":392},"end":{"line":7,"column":409}},"17":{"start":{"line":7,"column":400},"end":{"line":7,"column":409}},"18":{"start":{"line":7,"column":414},"end":{"line":7,"column":426}},"19":{"start":{"line":7,"column":429},"end":{"line":7,"column":659}},"20":{"start":{"line":7,"column":456},"end":{"line":7,"column":656}},"21":{"start":{"line":7,"column":482},"end":{"line":7,"column":493}},"22":{"start":{"line":7,"column":501},"end":{"line":7,"column":656}},"23":{"start":{"line":7,"column":539},"end":{"line":7,"column":568}},"24":{"start":{"line":7,"column":578},"end":{"line":7,"column":654}},"25
[...]
{"0":[1,1]},"_coverageSchema":"332fd63041d2c1bcb487cc26dd0d5f7d97098a6c","hash":"14d70e1d744a65d56942a9e613c3eb4cffdb7cba","contentHash":"2ff8a120005ac63b42ac8749b56954cf_11.6.0"},"C:\\Users\\user\\Desktop\\node tutorial\\sequelize\\scotch\\server\\routes\\recipe\\most_upvote.js":{"path":"C:\\Users\\user\\Desktop\\node tutorial\\sequelize\\scotch\\server\\routes\\recipe\\most_upvote.js","statementMap":{"0":{"start":{"line":3,"column":0},"end":{"line":5,"column":3}},"1":{"start":{"line":7,"column":19},"end":{"line":7,"column":47}},"2":{"start":{"line":10,"column":17},"end":{"line":17,"column":1}},"3":{"start":{"line":11,"column":2},"end":{"line":15,"column":3}},"4":{"start":{"line":12,"column":4},"end":{"line":12,"column":71}},"5":{"start":{"line":14,"column":4},"end":{"line":14,"column":18}},"6":{"start":{"line":16,"column":2},"end":{"line":16,"column":16}},"7":{"start":{"line":19,"column":0},"end":{"line":21,"column":2}},"8":{"start":{"line":20,"column":2},"end":{"line":20,"column":66}},"9":{"start":{"line":23,"column":0},"end":{"line":23,"column":36}}},"fnMap":{"0":{"name":"checkQuery","decl":{"start":{"line":10,"column":26},"end":{"line":10,"column":36}},"loc":{"start":{"line":10,"column":53},"end":{"line":17,"column":1}},"line":10},"1":{"name":"(anonymous_1)","decl":{"start":{"line":19,"column":18},"end":{"line":19,"column":19}},"loc":{"start":{"line":19,"column":33},"end":{"line":21,"column":1}},"line":19}},"branchMap":{"0":{"loc":{"start":{"line":11,"column":2},"end":{"line":15,"column":3}},"type":"if","locations":[{"start":{"line":11,"column":2},"end":{"line":15,"column":3}},{"start":{"line":11,"column":2},"end":{"line":15,"column":3}}],"line":11},"1":{"loc":{"start":{"line":11,"column":6},"end":{"line":11,"column":53}},"type":"binary-expr","locations":[{"start":{"line":11,"column":6},"end":{"line":11,"column":34}},{"start":{"line":11,"column":38},"end":{"line":11,"column":53}}],"line":11},"2":{"loc":{"start":{"line":12,"column":22},"end":{"line":12,"column":70}},"type":"cond-expr","locations":[{"start":{"line":12,"column":56},"end":{"line":12,"column":61}},{"start":{"line":12,"column":64},"end":{"line":12,"column":70}}],"line":12}},"s":{"0":1,"1":1,"2":1,"3":3,"4":3,"5":3,"6":0,"7":1,"8":1,"9":1},"f":{"0":3,"1":1},"b":{"0":[3,0],"1":[3,3],"2":[2,1]},"_coverageSchema":"332fd63041d2c1bcb487cc26dd0d5f7d97098a6c","hash":"3fba3b100c33c0c95eea12e3fc9002542c623655","contentHash":"7f8c6292cfc0a48ff9fb761bf5be9ce4_11.6.0"},"C:\\Users\\user\\Desktop\\node tutorial\\sequelize\\scotch\\server\\migrations\\20180224123012-create-user.js":{"path":"C:\\Users\\user\\Desktop\\node tutorial\\sequelize\\scotch\\server\\migrations\\20180224123012-create-user.js","statementMap":{"0":{"start":{"line":3,"column":0},"end":{"line":5,"column":3}},"1":{"start":{"line":6,"column":0},"end":{"line":47,"column":2}},"2":{"start":{"line":8,"column":4},"end":{"line":39,"column":7}},"3":{"start":{"line":42,"column":4},"end":{"line":45,"column":7}},"4":{"start":{"line":48,"column":0},"end":{"line":48,"column":36}}},"fnMap":{"0":{"name":"up","decl":{"start":{"line":7,"column":15},"end":{"line":7,"column":17}},"loc":{"start":{"line":7,"column":45},"end":{"line":40,"column":3}},"line":7},"1":{"name":"down","decl":{"start":{"line":41,"column":17},"end":{"line":41,"column":21}},"loc":{"start":{"line":41,"column":38},"end":{"line":46,"column":3}},"line":41}},"branchMap":{},"s":{"0":1,"1":1,"2":19,"3":19,"4":1},"f":{"0":19,"1":19},"b":{},"_coverageSchema":"332fd63041d2c1bcb487cc26dd0d5f7d97098a6c","hash":"28960f26e58e85fbc0ca65f30cc756e104c06df5","contentHash":"cb60916952a1664f54d3b9d51823bdfe_11.6.0"},"C:\\Users\\user\\Desktop\\node tutorial\\sequelize\\scotch\\server\\migrations\\20180224140838-create-recipe.js":{"path":"C:\\Users\\user\\Desktop\\node tutorial\\sequelize\\scotch\\server\\migrations\\20180224140838-create-recipe.js","statementMap":{"0":{"start":{"line":3,"column":0},"end":{"line":5,"column":3}},"1":{"start":{"line":6,"column":0},"end":{"line":88,"column":2}},"2":{"start":{"line":8,"column":4},"end":{"line":79,"column":7}},"3":{"start":{"line":55,"column":6},"end":{"line":61,"column":9}},"4":{"start":{"line":63,"column":6},"end":{"line":78,"column":9}},"5":{"start":{"line":83,"column":4},"end":{"line":86,"column":7}},"6":{"start":{"line":89,"column":0},"end":{"line":89,"column":36}}},"fnMap":{"0":{"name":"up","decl":{"start":{"line":7,"column":15},"end":{"line":7,"column":17}},"loc":{"start":{"line":7,"column":45},"end":{"line":80,"column":3}},"line":7},"1":{"name":"(anonymous_1)","decl":{"start":{"line":54,"column":12},"end":{"line":54,"column":13}},"loc":{"start":{"line":54,"column":24},"end":{"line":62,"column":5}},"line":54},"2":{"name":"(anonymous_2)","decl":{"start":{"line":62,"column":12},"end":{"line":62,"column":13}},"loc":{"start":{"line":62,"column":24},"end":{"line":79,"column":5}},"line":62},"3":{"name":"down","decl":{"start":{"line":82,"column":17},"end":{"line":82,"column":21}},"loc":{"start":{"line":82,"column":38},"end":{"line":87,"column":3}},"line":82}},"branchMap":{},"s":{"0":1,"1":1,"2":19,"3":19,"4":19,"5":19,"6":1},"f":{"0":19,"1":19,"2":19,"3":19},"b":{},"_coverageSchema":"332fd63041d2c1bcb487cc26dd0d5f7d97098a6c","hash":"3d12ed1d397b4e253b4cc615ea61f46fd45b00a1","contentHash":"20f70991db03dcb5cc578e69dc04a306_11.6.0"},"C:\\Users\\user\\Desktop\\node tutorial\\sequelize\\scotch\\server\\migrations\\20180305112608-create-review.js":{"path":"C:\\Users\\user\\Desktop\\node tutorial\\sequelize\\scotch\\server\\migrations\\20180305112608-create-review.js","statementMap":{"0":{"start":{"line":3,"column":0},"end":{"line":5,"column":3}},"1":{"start":{"line":6,"column":0},"end":{"line":88,"column":2}},"2":{"start":{"line":8,"column":4},"end":{"line":79,"column":7}},"3":{"start":{"line":63,"column":6},"end":{"line":68,"column":9}},"4":{"start":{"line":70,"column":6},"end":{"line":78,"column":9}},"5":{"start":{"line":83,"column":4},"end":{"line":86,"column":7}},"6":{"start":{"line":89,"column":0},"end":{"line":89,"column":36}}},"fnMap":{"0":{"name":"up","decl":{"start":{"line":7,"column":15},"end":{"line":7,"column":17}},"loc":{"start":{"line":7,"column":45},"end":{"line":80,"column":3}},"line":7},"1":{"name":"(anonymous_1)","decl":{"start":{"line":62,"column":12},"end":{"line":62,"column":13}},"loc":{"start":{"line":62,"column":24},"end":{"line":69,"column":5}},"line":62},"2":{"name":"(anonymous_2)","decl":{"start":{"line":69,"column":12},"end":{"line":69,"column":13}},"loc":{"start":{"line":69,"column":24},"end":{"line":79,"column":5}},"line":69},"3":{"name":"down","decl":{"start":{"line":82,"column":17},"end":{"line":82,"column":21}},"loc":{"start":{"line":82,"column":38},"end":{"line":87,"column":3}},"line":82}},"branchMap":{},"s":{"0":1,"1":1,"2":19,"3":19,"4":19,"5":19,"6":1},"f":{"0":19,"1":19,"2":19,"3":19},"b":{},"_coverageSchema":"332fd63041d2c1bcb487cc26dd0d5f7d97098a6c","hash":"358841619803a1dce780f284966f743c9876cc07","contentHash":"da7e1f14dd09cfca2c8aaac549bb74f9_11.6.0"},"C:\\Users\\user\\Desktop\\node tutorial\\sequelize\\scotch\\server\\migrations\\20180319045235-create-ingredient.js":{"path":"C:\\Users\\user\\Desktop\\node tutorial\\sequelize\\scotch\\server\\migrations\\20180319045235-create-ingredient.js","statementMap":{"0":{"start":{"line":3,"column":0},"end":{"line":5,"column":3}},"1":{"start":{"line":6,"column":0},"end":{"line":40,"column":2}},"2":{"start":{"line":8,"column":4},"end":{"line":33,"column":7}},"3":{"start":{"line":30,"column":6},"end":{"line":32,"column":9}},"4":{"start":{"line":36,"column":4},"end":{"line":38,"column":7}},"5":{"start":{"line":41,"column":0},"end":{"line":41,"column":36}}},"fnMap":{"0":{"name":"up","decl":{"start":{"line":7,"column":15},"end":{"line":7,"column":17}},"loc":{"start":{"line":7,"column":45},"end":{"line":34,"column":3}},"line":7},"1":{"name":"(anonymous_1)","decl":{"start":{"line":29,"column":12},"end":{"line":29,"column":13}},"loc":{"start":{"line":29,"column":24},"end":{"line":33,"column":5}},"line":29},"2":{"name":"down","decl":{"start":{"line":35,"column":17},"end":{"line":35,"column":21}},"loc":{"start":{"line":35,"column":38},"end":{"line":39,"column":3}},"line":35}},"branchMap":{},"s":{"0":1,"1":1,"2":19,"3":19,"4":19,"5":1},"f":{"0":19,"1":19,"2":19},"b":{},"_coverageSchema":"332fd63041d2c1bcb487cc26dd0d5f7d97098a6c","hash":"d7fb1f5f8300de6826a4fe010b0e39a5c5fc568c","contentHash":"1ba9590229082a61ab76b6d2816b3de1_11.6.0"},"C:\\Users\\user\\Desktop\\node tutorial\\sequelize\\scotch\\server\\migrations\\20180319062839-create-quantity.js":{"path":"C:\\Users\\user\\Desktop\\node tutorial\\sequelize\\scotch\\server\\migrations\\20180319062839-create-quantity.js","statementMap":{"0":{"start":{"line":3,"column":0},"end":{"line":5,"column":3}},"1":{"start":{"line":6,"column":0},"end":{"line":77,"column":2}},"2":{"start":{"line":9,"column":4},"end":{"line":69,"column":7}},"3":{"start":{"line":46,"column":6},"end":{"line":51,"column":9}},"4":{"start":{"line":53,"column":6},"end":{"line":68,"column":9}},"5":{"start":{"line":72,"column":4},"end":{"line":75,"column":7}},"6":{"start":{"line":78,"column":0},"end":{"line":78,"column":36}}},"fnMap":{"0":{"name":"up","decl":{"start":{"line":8,"column":15},"end":{"line":8,"column":17}},"loc":{"start":{"line":8,"column":45},"end":{"line":70,"column":3}},"line":8},"1":{"name":"(anonymous_1)","decl":{"start":{"line":45,"column":12},"end":{"line":45,"column":13}},"loc":{"start":{"line":45,"column":24},"end":{"line":52,"column":5}},"line":45},"2":{"name":"(anonymous_2)","decl":{"start":{"line":52,"column":12},"end":{"line":52,"column":13}},"loc":{"start":{"line":52,"column":24},"end":{"line":69,"column":5}},"line":52},"3":{"name":"down","decl":{"start":{"line":71,"column":17},"end":{"line":71,"column":21}},"loc":{"start":{"line":71,"column":38},"end":{"line":76,"column":3}},"line":71}},"branchMap":{},"s":{"0":1,"1":1,"2":19,"3":19,"4":19,"5":19,"6":1},"f":{"0":19,"1":19,"2":19,"3":19},"b":{},"_coverageSchema":"332fd63041d2c1bcb487cc26dd0d5f7d97098a6c","hash":"4548df602dbffa573764810c0d85e2dd03c34bad","contentHash":"7946a69106110c1f0f0d339ee79b9d0c_11.6.0"},"C:\\Users\\user\\Desktop\\node tutorial\\sequelize\\scotch\\server\\seeders\\20180327025742-all.js":{"path":"C:\\Users\\user\\Desktop\\node tutorial\\sequelize\\scotch\\server\\seeders\\20180327025742-all.js","statementMap":{"0":{"start":{"line":3,"column":0},"end":{"line":5,"column":3}},"1":{"start":{"line":7,"column":14},"end":{"line":7,"column":39}},"2":{"start":{"line":9,"column":0},"end":{"line":63,"column":2}},"3":{"start":{"line":11,"column":4},"end":{"line":34,"column":7}},"4":{"start":{"line":15,"column":6},"end":{"line":18,"column":26}},"5":{"start":{"line":20,"column":6},"end":{"line":23,"column":30}},"6":{"start":{"line":25,"column":6},"end":{"line":28,"column":29}},"7":{"start":{"line":30,"column":6},"end":{"line":33,"column":26}},"8":{"start":{"line":38,"column":4},"end":{"line":61,"column":7}},"9":{"start":{"line":42,"column":6},"end":{"line":45,"column":9}},"10":{"start":{"line":47,"column":6},"end":{"line":50,"column":9}},"11":{"start":{"line":52,"column":6},"end":{"line":55,"column":9}},"12":{"start":{"line":57,"column":6},"end":{"line":60,"column":9}},"13":{"start":{"line":64,"column":0},"end":{"line":64,"column":36}}},"fnMap":{"0":{"name":"up","decl":{"start":{"line":10,"column":15},"end":{"line":10,"column":17}},"loc":{"start":{"line":10,"column":34},"end":{"line":35,"column":3}},"line":10},"1":{"name":"(anonymous_1)","decl":{"start":{"line":14,"column":27},"end":{"line":14,"column":28}},"loc":{"start":{"line":14,"column":39},"end":{"line":19,"column":5}},"line":14},"2":{"name":"(anonymous_2)","decl":{"start":{"line":19,"column":12},"end":{"line":19,"column":13}},"loc":{"start":{"line":19,"column":24},"end":{"line":24,"column":5}},"line":19},"3":{"name":"(anonymous_3)","decl":{"start":{"line":24,"column":12},"end":{"line":24,"column":13}},"loc":{"start":{"line":24,"column":24},"end":{"line":29,"column":5}},"line":24},"4":{"name":"(anonymous_4)","decl":{"start":{"line":29,"column":12},"end":{"line":29,"column":13}},"loc":{"start":{"line":29,"column":24},"end":{"line":34,"column":5}},"line":29},"5":{"name":"down","decl":{"start":{"line":37,"column":17},"end":{"line":37,"column":21}},"loc":{"start":{"line":37,"column":38},"end":{"line":62,"column":3}},"line":37},"6":{"name":"(anonymous_6)","decl":{"start":{"line":41,"column":12},"end":{"line":41,"column":13}},"loc":{"start":{"line":41,"column":24},"end":{"line":46,"column":5}},"line":41},"7":{"name":"(anonymous_7)","decl":{"start":{"line":46,"column":12},"end":{"line":46,"column":13}},"loc":{"start":{"line":46,"column":24},"end":{"line":51,"column":5}},"line":46},"8":{"name":"(anonymous_8)","decl":{"start":{"line":51,"column":12},"end":{"line":51,"column":13}},"loc":{"start":{"line":51,"column":24},"end":{"line":56,"column":5}},"line":51},"9":{"name":"(anonymous_9)","decl":{"start":{"line":56,"column":12},"end":{"line":56,"column":13}},"loc":{"start":{"line":56,"column":24},"end":{"line":61,"column":5}},"line":56}},"branchMap":{},"s":{"0":1,"1":1,"2":1,"3":19,"4":19,"5":19,"6":19,"7":19,"8":0,"9":0,"10":0,"11":0,"12":0,"13":1},"f":{"0":19,"1":19,"2":19,"3":19,"4":19,"5":0,"6":0,"7":0,"8":0,"9":0},"b":{},"_coverageSchema":"332fd63041d2c1bcb487cc26dd0d5f7d97098a6c","hash":"f65fa206cbab45eecfb0d150bb7a3b3b27598fef","contentHash":"8d6bc1c26d87d8a0f5cd1efd174d5783_11.6.0"},"C:\\Users\\user\\Desktop\\node tutorial\\sequelize\\scotch\\server\\seeders\\faker\\fakify.js":{"path":"C:\\Users\\user\\Desktop\\node tutorial\\sequelize\\scotch\\server\\seeders\\faker\\fakify.js","statementMap":{"0":{"start":{"line":3,"column":0},"end":{"line":5,"column":3}},"1":{"start":{"line":6,"column":0},"end":{"line":6,"column":105}},"2":{"start":{"line":8,"column":13},"end":{"line":8,"column":29}},"3":{"start":{"line":10,"column":14},"end":{"line":10,"column":44}},"4":{"start":{"line":12,"column":39},"end":{"line":12,"column":93}},"5":{"start":{"line":26,"column":14},"end":{"line":26,"column":24}},"6":{"start":{"line":27,"column":16},"end":{"line":27,"column":28}},"7":{"start":{"line":28,"column":14},"end":{"line":28,"column":24}},"8":{"start":{"line":29,"column":19},"end":{"line":29,"column":29}},"9":{"start":{"line":30,"column":14},"end":{"line":30,"column":56}},"10":{"start":{"line":32,"column":14},"end":{"line":32,"column":16}},"11":{"start":{"line":38,"column":20},"end":{"line":38,"column":26}},"12":{"start":{"line":39,"column":15},"end":{"line":39,"column":24}},"13":{"start":{"line":41,"column":4},"end":{"line":45,"column":7}},"14":{"start":{"line":42,"column":6},"end":{"line":44,"column":7}},"15":{"start":{"line":43,"column":8},"end":{"line":43,"column":25}},"16":{"start":{"line":47,"column":4},"end":{"line":49,"column":5}},"17":{"start":{"line":48,"column":6},"end":{"line":48,"column":23}},"18":{"start":{"line":51,"column":4},"end":{"line":53,"column":5}},"19":{"start":{"line":52,"column":6},"end":{"line":52,"column":21}},"20":{"start":{"line":55,"column":4},"end":{"line":55,"column":17}},"21":{"start":{"line":57,"column":2},"end":{"line":57,"column":17}},"22":{"start":{"line":62,"column":12},"end":{"line":74,"column":2}},"23":{"start":{"line":65,"column":4},"end":{"line":71,"column":6}},"24":{"start":{"line":78,"column":18},"end":{"line":88,"column":2}},"25":{"start":{"line":81,"column":4},"end":{"line":85,"column":6}},"26":{"start":{"line":92,"column":14},"end":{"line":105,"column":2}},"27":{"start":{"line":94,"column":4},"end":{"line":101,"column":6}},"28":{"start":{"line":109,"column":14},"end":{"line":123,"column":2}},"29":{"start":{"line":112,"column":4},"end":{"line":119,"column":6}},"30":{"start":{"line":127,"column":17},"end":{"line":140,"column":2}},"31":{"start":{"line":130,"column":4},"end":{"line":136,"column":6}}},"fnMap":{"0":{"name":"_interopRequireDefault","decl":{"start":{"line":12,"column":9},"end":{"line":12,"column":31}},"loc":{"start":{"line":12,"column":37},"end":{"line":12,"column":95}},"line":12},"1":{"name":"populate","decl":{"start":{"line":25,"column":9},"end":{"line":25,"column":17}},"loc":{"start":{"line":25,"column":24},"end":{"line":58,"column":1}},"line":25},"2":{"name":"recur","decl":{"start":{"line":37,"column":11},"end":{"line":37,"column":16}},"loc":{"start":{"line":37,"column":19},"end":{"line":56,"column":3}},"line":37},"3":{"name":"(anonymous_3)","decl":{"start":{"line":41,"column":18},"end":{"line":41,"column":19}},"loc":{"start":{"line":41,"column":34},"end":{"line":45,"column":5}},"line":41},"4":{"name":"getData","decl":{"start":{"line":64,"column":20},"end":{"line":64,"column":27}},"loc":{"start":{"line":64,"column":30},"end":{"line":72,"column":3}},"line":64},"5":{"name":"getData","decl":{"start":{"line":80,"column":20},"end":{"line":80,"column":27}},"loc":{"start":{"line":80,"column":30},"end":{"line":86,"column":3}},"line":80},"6":{"name":"getData","decl":{"start":{"line":93,"column":20},"end":{"line":93,"column":27}},"loc":{"start":{"line":93,"column":30},"end":{"line":102,"column":3}},"line":93},"7":{"name":"getData","decl":{"start":{"line":111,"column":20},"end":{"line":111,"column":27}},"loc":{"start":{"line":111,"column":30},"end":{"line":120,"column":3}},"line":111},"8":{"name":"getData","decl":{"start":{"line":129,"column":20},"end":{"line":129,"column":27}},"loc":{"start":{"line":129,"column":30},"end":{"line":137,"column":3}},"line":129}},"branchMap":{"0":{"loc":{"start":{"line":12,"column":46},"end":{"line":12,"column":92}},"type":"cond-expr","locations":[{"start":{"line":12,"column":70},"end":{"line":12,"column":73}},{"start":{"line":12,"column":76},"end":{"line":12,"column":92}}],"line":12},"1":{"loc":{"start":{"line":12,"column":46},"end":{"line":12,"column":67}},"type":"binary-expr","locations":[{"start":{"line":12,"column":46},"end":{"line":12,"column":49}},{"start":{"line":12,"column":53},"end":{"line":12,"column":67}}],"line":12},"2":{"loc":{"start":{"line":30,"column":14},"end":{"line":30,"column":56}},"type":"cond-expr","locations":[{"start":{"line":30,"column":41},"end":{"line":30,"column":43}},{"start":{"line":30,"column":46},"end":{"line":30,"column":56}}],"line":30},"3":{"loc":{"start":{"line":42,"column":6},"end":{"line":44,"column":7}},"type":"if","locations":[{"start":{"line":42,"column":6},"end":{"line":44,"column":7}},{"start":{"line":42,"column":6},"end":{"line":44,"column":7}}],"line":42},"4":{"loc":{"start":{"line":42,"column":10},"end":{"line":42,"column":85}},"type":"binary-expr","locations":[{"start":{"line":42,"column":10},"end":{"line":42,"column":37}},{"start":{"line":42,"column":42},"end":{"line":42,"column":84}}],"line":42},"5":{"loc":{"start":{"line":42,"column":42},"end":{"line":42,"column":84}},"type":"cond-expr","locations":[{"start":{"line":42,"column":50},"end":{"line":42,"column":77}},{"start":{"line":42,"column":80},"end":{"line":42,"column":84}}],"line":42},"6":{"loc":{"start":{"line":47,"column":4},"end":{"line":49,"column":5}},"type":"if","locations":[{"start":{"line":47,"column":4},"end":{"line":49,"column":5}},{"start":{"line":47,"column":4},"end":{"line":49,"column":5}}],"line":47},"7":{"loc":{"start":{"line":51,"column":4},"end":{"line":53,"column":5}},"type":"if","locations":[{"start":{"line":51,"column":4},"end":{"line":53,"column":5}},{"start":{"line":51,"column":4},"end":{"line":53,"column":5}}],"line":51}},"s":{"0":1,"1":1,"2":1,"3":1,"4":1,"5":5,"6":5,"7":5,"8":5,"9":5,"10":5,"11":3593,"12":3593,"13":3593,"14":1730739,"15":2903,"16":3593,"17":690,"18":3593,"19":3588,"20":5,"21":5,"22":1,"23":5,"24":1,"25":30,"26":1,"27":20,"28":1,"29":36,"30":1,"31":3502},"f":{"0":1,"1":5,"2":3593,"3":1730739,"4":5,"5":30,"6":20,"7":36,"8":3502},"b":{"0":[0,1],"1":[1,1],"2":[1,4],"3":[2903,1727836],"4":[1730739,57787],"5":[57787,0],"6":[690,2903],"7":[3588,5]},"_coverageSchema":"332fd63041d2c1bcb487cc26dd0d5f7d97098a6c","hash":"7f6b0f188fa5b984bda6d46461eb00ab635859c8","contentHash":"a5afc0af192aef36eef7bbda0c8e3d16_11.6.0"}}